2024-11-18 10:28:22,847 INFO [http-nio-9990-exec-2] o.a.c.c.C.[.[.[/] [DirectJDKLog.java:173] 
Initializing Spring DispatcherServlet 'dispatcherServlet'
2024-11-18 10:28:22,855 INFO [http-nio-9990-exec-2] o.s.w.s.DispatcherServlet [FrameworkServlet.java:525] 
Initializing Servlet 'dispatcherServlet'
2024-11-18 10:28:22,855 DEBUG [http-nio-9990-exec-2] o.s.w.s.DispatcherServlet [DispatcherServlet.java:521] 
Detected StandardServletMultipartResolver
2024-11-18 10:28:22,855 DEBUG [http-nio-9990-exec-2] o.s.w.s.DispatcherServlet [DispatcherServlet.java:545] 
Detected AcceptHeaderLocaleResolver
2024-11-18 10:28:22,856 DEBUG [http-nio-9990-exec-2] o.s.w.s.DispatcherServlet [DispatcherServlet.java:570] 
Detected FixedThemeResolver
2024-11-18 10:28:22,860 DEBUG [http-nio-9990-exec-2] o.s.w.s.DispatcherServlet [DispatcherServlet.java:720] 
Detected org.springframework.web.servlet.view.DefaultRequestToViewNameTranslator@1fa62e74
2024-11-18 10:28:22,872 DEBUG [http-nio-9990-exec-2] o.s.w.s.DispatcherServlet [DispatcherServlet.java:784] 
Detected org.springframework.web.servlet.support.SessionFlashMapManager@1afe7617
2024-11-18 10:28:22,872 DEBUG [http-nio-9990-exec-2] o.s.w.s.DispatcherServlet [FrameworkServlet.java:542] 
enableLoggingRequestDetails='false': request parameters and headers will be masked to prevent unsafe logging of potentially sensitive data
2024-11-18 10:28:22,872 INFO [http-nio-9990-exec-2] o.s.w.s.DispatcherServlet [FrameworkServlet.java:547] 
Completed initialization in 17 ms
2024-11-18 10:28:22,904 DEBUG [http-nio-9990-exec-2] o.s.w.s.DispatcherServlet [LogFormatUtils.java:119] 
POST "/api/v2/gettrafficinformaton", parameters={}
2024-11-18 10:28:22,918 DEBUG [http-nio-9990-exec-2] o.s.w.s.h.SimpleUrlHandlerMapping [AbstractHandlerMapping.java:522] 
Mapped to ResourceHttpRequestHandler [classpath [META-INF/resources/], classpath [resources/], classpath [static/], classpath [public/], ServletContext [/]]
2024-11-18 10:28:22,920 INFO [http-nio-9990-exec-2] c.n.a.i.BaseInterceptor [BaseInterceptor.java:52] 
Inside prehandle
2024-11-18 10:28:22,951 INFO [http-nio-9990-exec-2] c.n.a.i.BaseInterceptor [BaseInterceptor.java:557] 
############Request Processing started for request-id ab and esbURL is /api/v2/gettrafficinformaton
2024-11-18 10:28:22,961 INFO [http-nio-9990-exec-2] c.n.a.f.GetDetails [GetDetails.java:20] 
Inside getEncryption status.. for service code gettrafficinformaton
2024-11-18 10:28:23,759 DEBUG [http-nio-9990-exec-2] c.n.a.f.GetDetails [GetDetails.java:33] 
Encryption status is N
2024-11-18 10:28:23,762 INFO [http-nio-9990-exec-2] c.n.a.i.BaseInterceptor [BaseInterceptor.java:594] 
Inside DDOS filtering
2024-11-18 10:28:23,762 INFO [http-nio-9990-exec-2] c.n.a.f.GetDetails [GetDetails.java:170] 
Inside get error codes.
2024-11-18 10:28:23,869 INFO [http-nio-9990-exec-2] c.n.a.f.AuthenticationFilter [AuthenticationFilter.java:30] 
inside request param validation
2024-11-18 10:28:23,869 INFO [http-nio-9990-exec-2] c.n.a.f.AuthenticationFilter [AuthenticationFilter.java:76] 
In Timestamp validation
2024-11-18 10:28:23,870 INFO [http-nio-9990-exec-2] c.n.a.f.AuthenticationFilter [AuthenticationFilter.java:82] 
The timestamp difference is--
2024-11-18 10:28:23,871 ERROR [http-nio-9990-exec-2] c.n.a.i.BaseInterceptor [BaseInterceptor.java:661] 
Invalid timestamp
2024-11-18 10:28:23,872 INFO [http-nio-9990-exec-2] c.n.a.p.ExceptionProcessor [ExceptionProcessor.java:28] 
Auditing records in AuditDataProcessor.
2024-11-18 10:28:23,968 INFO [pool-2-thread-1] c.n.a.p.ExceptionProcessor [ExceptionProcessor.java:80] 
Auditing in database.
2024-11-18 10:28:23,977 DEBUG [http-nio-9990-exec-2] o.s.w.s.DispatcherServlet [FrameworkServlet.java:1131] 
Completed 200 OK
2024-11-18 10:39:56,427 DEBUG [http-nio-9990-exec-5] o.s.w.s.DispatcherServlet [LogFormatUtils.java:119] 
POST "/api/v2/gettrafficinformaton", parameters={}
2024-11-18 10:39:56,429 DEBUG [http-nio-9990-exec-5] o.s.w.s.h.SimpleUrlHandlerMapping [AbstractHandlerMapping.java:522] 
Mapped to ResourceHttpRequestHandler [classpath [META-INF/resources/], classpath [resources/], classpath [static/], classpath [public/], ServletContext [/]]
2024-11-18 10:39:56,429 INFO [http-nio-9990-exec-5] c.n.a.i.BaseInterceptor [BaseInterceptor.java:52] 
Inside prehandle
2024-11-18 10:39:56,433 INFO [http-nio-9990-exec-5] c.n.a.i.BaseInterceptor [BaseInterceptor.java:557] 
############Request Processing started for request-id ab and esbURL is /api/v2/gettrafficinformaton
2024-11-18 10:39:56,435 INFO [http-nio-9990-exec-5] c.n.a.f.GetDetails [GetDetails.java:20] 
Inside getEncryption status.. for service code gettrafficinformaton
2024-11-18 10:39:56,516 DEBUG [http-nio-9990-exec-5] c.n.a.f.GetDetails [GetDetails.java:33] 
Encryption status is N
2024-11-18 10:39:56,518 INFO [http-nio-9990-exec-5] c.n.a.i.BaseInterceptor [BaseInterceptor.java:594] 
Inside DDOS filtering
2024-11-18 10:39:56,518 INFO [http-nio-9990-exec-5] c.n.a.f.GetDetails [GetDetails.java:170] 
Inside get error codes.
2024-11-18 10:39:56,601 INFO [http-nio-9990-exec-5] c.n.a.f.AuthenticationFilter [AuthenticationFilter.java:30] 
inside request param validation
2024-11-18 10:39:56,601 INFO [http-nio-9990-exec-5] c.n.a.f.AuthenticationFilter [AuthenticationFilter.java:76] 
In Timestamp validation
2024-11-18 10:39:56,602 INFO [http-nio-9990-exec-5] c.n.a.f.AuthenticationFilter [AuthenticationFilter.java:82] 
The timestamp difference is--
2024-11-18 10:39:56,602 INFO [http-nio-9990-exec-5] c.n.a.f.AuthenticationFilter [AuthenticationFilter.java:122] 
Validating auth key for consumerCode ESP with auth key 36997d562e054a318475c4025b913338
2024-11-18 10:39:56,602 INFO [http-nio-9990-exec-5] c.n.a.f.AuthenticationFilter [AuthenticationFilter.java:139] 
Inside getAuthKeyFromDB..
2024-11-18 10:39:56,702 INFO [http-nio-9990-exec-5] c.n.a.f.AuthenticationFilter [AuthenticationFilter.java:124] 
Auth Key from DB for Consumer code ESP is  36997d562e054a318475c4025b913338
2024-11-18 10:39:56,702 INFO [http-nio-9990-exec-5] c.n.a.f.AuthenticationFilter [AuthenticationFilter.java:139] 
Inside getAuthKeyFromDB..
2024-11-18 10:39:56,848 INFO [http-nio-9990-exec-5] c.n.a.f.AuthenticationFilter [AuthenticationFilter.java:175] 
Whitelist Process Starts here....
2024-11-18 10:39:56,848 INFO [http-nio-9990-exec-5] c.n.a.f.AuthenticationFilter [AuthenticationFilter.java:187] 
Inside is whiteListed
2024-11-18 10:39:56,995 DEBUG [http-nio-9990-exec-5] c.n.a.f.AuthenticationFilter [AuthenticationFilter.java:234] 
Consumer allowed for gettrafficinformaton
2024-11-18 10:39:57,003 DEBUG [http-nio-9990-exec-5] o.s.w.s.r.ResourceHttpRequestHandler [ResourceHttpRequestHandler.java:560] 
Resource not found
2024-11-18 10:39:57,063 INFO [http-nio-9990-exec-5] c.n.a.p.AuditLogProcessor [AuditLogProcessor.java:31] 
Auditing records in AuditData Processor.
2024-11-18 10:39:57,238 INFO [pool-3-thread-1] c.n.a.p.AuditLogProcessor [AuditLogProcessor.java:83] 
Auditing in database.
2024-11-18 10:39:57,242 DEBUG [http-nio-9990-exec-5] o.s.w.s.DispatcherServlet [FrameworkServlet.java:1131] 
Completed 404 NOT_FOUND
2024-11-18 10:39:57,250 DEBUG [http-nio-9990-exec-5] o.s.w.s.DispatcherServlet [LogFormatUtils.java:119] 
"ERROR" dispatch for POST "/error", parameters={}
2024-11-18 10:39:57,259 DEBUG [http-nio-9990-exec-5] o.s.w.s.m.m.a.RequestMappingHandlerMapping [AbstractHandlerMapping.java:522] 
Mapped to org.springframework.boot.autoconfigure.web.servlet.error.BasicErrorController#error(HttpServletRequest)
2024-11-18 10:39:57,260 INFO [http-nio-9990-exec-5] c.n.a.i.BaseInterceptor [BaseInterceptor.java:52] 
Inside prehandle
2024-11-18 10:39:57,261 INFO [http-nio-9990-exec-5] c.n.a.i.BaseInterceptor [BaseInterceptor.java:557] 
############Request Processing started for request-id ab and esbURL is /error
2024-11-18 10:39:57,265 INFO [http-nio-9990-exec-5] c.n.a.i.BaseInterceptor [BaseInterceptor.java:573] 
Invalid URL sent by requestId ab
2024-11-18 10:39:57,276 DEBUG [http-nio-9990-exec-5] o.s.w.s.DispatcherServlet [FrameworkServlet.java:1127] 
Exiting from "ERROR" dispatch, status 404
2024-11-18 10:40:05,101 DEBUG [http-nio-9990-exec-6] o.s.w.s.DispatcherServlet [LogFormatUtils.java:119] 
POST "/api/v2/gettrafficinformaton", parameters={}
2024-11-18 10:40:05,103 DEBUG [http-nio-9990-exec-6] o.s.w.s.h.SimpleUrlHandlerMapping [AbstractHandlerMapping.java:522] 
Mapped to ResourceHttpRequestHandler [classpath [META-INF/resources/], classpath [resources/], classpath [static/], classpath [public/], ServletContext [/]]
2024-11-18 10:40:05,103 INFO [http-nio-9990-exec-6] c.n.a.i.BaseInterceptor [BaseInterceptor.java:52] 
Inside prehandle
2024-11-18 10:40:05,104 INFO [http-nio-9990-exec-6] c.n.a.i.BaseInterceptor [BaseInterceptor.java:557] 
############Request Processing started for request-id ab and esbURL is /api/v2/gettrafficinformaton
2024-11-18 10:40:05,104 INFO [http-nio-9990-exec-6] c.n.a.f.GetDetails [GetDetails.java:20] 
Inside getEncryption status.. for service code gettrafficinformaton
2024-11-18 10:40:05,187 DEBUG [http-nio-9990-exec-6] c.n.a.f.GetDetails [GetDetails.java:33] 
Encryption status is N
2024-11-18 10:40:05,189 INFO [http-nio-9990-exec-6] c.n.a.i.BaseInterceptor [BaseInterceptor.java:594] 
Inside DDOS filtering
2024-11-18 10:40:05,189 INFO [http-nio-9990-exec-6] c.n.a.f.GetDetails [GetDetails.java:170] 
Inside get error codes.
2024-11-18 10:40:05,309 INFO [http-nio-9990-exec-6] c.n.a.f.AuthenticationFilter [AuthenticationFilter.java:30] 
inside request param validation
2024-11-18 10:40:05,309 INFO [http-nio-9990-exec-6] c.n.a.f.AuthenticationFilter [AuthenticationFilter.java:76] 
In Timestamp validation
2024-11-18 10:40:05,310 INFO [http-nio-9990-exec-6] c.n.a.f.AuthenticationFilter [AuthenticationFilter.java:82] 
The timestamp difference is--
2024-11-18 10:40:05,310 ERROR [http-nio-9990-exec-6] c.n.a.i.BaseInterceptor [BaseInterceptor.java:661] 
Invalid timestamp
2024-11-18 10:40:05,310 INFO [http-nio-9990-exec-6] c.n.a.p.ExceptionProcessor [ExceptionProcessor.java:28] 
Auditing records in AuditDataProcessor.
2024-11-18 10:40:05,409 INFO [pool-4-thread-1] c.n.a.p.ExceptionProcessor [ExceptionProcessor.java:80] 
Auditing in database.
