2024-11-18 12:02:42,640 DEBUG [main] o.s.b.f.s.DefaultListableBeanFactory [DefaultSingletonBeanRegistry.java:225] 
Creating shared instance of singleton bean 'spring.task.execution-org.springframework.boot.autoconfigure.task.TaskExecutionProperties'
2024-11-18 12:02:42,745 DEBUG [main] o.s.b.f.s.DefaultListableBeanFactory [ConstructorResolver.java:808] 
Autowiring by type from bean name 'taskExecutorBuilder' via factory method to bean named 'spring.task.execution-org.springframework.boot.autoconfigure.task.TaskExecutionProperties'
2024-11-18 12:02:42,754 DEBUG [main] o.s.b.f.s.DefaultListableBeanFactory [DefaultSingletonBeanRegistry.java:225] 
Creating shared instance of singleton bean 'org.springframework.boot.autoconfigure.web.servlet.error.ErrorMvcAutoConfiguration$WhitelabelErrorViewConfiguration'
2024-11-18 12:02:42,760 DEBUG [main] o.s.b.f.s.DefaultListableBeanFactory [DefaultSingletonBeanRegistry.java:225] 
Creating shared instance of singleton bean 'error'
2024-11-18 12:02:42,761 DEBUG [main] o.s.b.f.s.DefaultListableBeanFactory [DefaultSingletonBeanRegistry.java:225] 
Creating shared instance of singleton bean 'beanNameViewResolver'
2024-11-18 12:02:42,763 DEBUG [main] o.s.b.f.s.DefaultListableBeanFactory [DefaultSingletonBeanRegistry.java:225] 
Creating shared instance of singleton bean 'org.springframework.boot.autoconfigure.web.servlet.error.ErrorMvcAutoConfiguration$DefaultErrorViewResolverConfiguration'
2024-11-18 12:02:42,765 DEBUG [main] o.s.b.f.s.DefaultListableBeanFactory [DefaultSingletonBeanRegistry.java:225] 
Creating shared instance of singleton bean 'spring.web-org.springframework.boot.autoconfigure.web.WebProperties'
2024-11-18 12:02:42,770 DEBUG [main] o.s.b.f.s.DefaultListableBeanFactory [ConstructorResolver.java:808] 
Autowiring by type from bean name 'org.springframework.boot.autoconfigure.web.servlet.error.ErrorMvcAutoConfiguration$DefaultErrorViewResolverConfiguration' via constructor to bean named 'org.springframework.boot.web.servlet.context.AnnotationConfigServletWebServerApplicationContext@756cf158'
2024-11-18 12:02:42,771 DEBUG [main] o.s.b.f.s.DefaultListableBeanFactory [ConstructorResolver.java:808] 
Autowiring by type from bean name 'org.springframework.boot.autoconfigure.web.servlet.error.ErrorMvcAutoConfiguration$DefaultErrorViewResolverConfiguration' via constructor to bean named 'spring.web-org.springframework.boot.autoconfigure.web.WebProperties'
2024-11-18 12:02:42,771 DEBUG [main] o.s.b.f.s.DefaultListableBeanFactory [DefaultSingletonBeanRegistry.java:225] 
Creating shared instance of singleton bean 'conventionErrorViewResolver'
2024-11-18 12:02:42,782 DEBUG [main] o.s.b.f.s.DefaultListableBeanFactory [DefaultSingletonBeanRegistry.java:225] 
Creating shared instance of singleton bean 'errorAttributes'
2024-11-18 12:02:42,788 DEBUG [main] o.s.b.f.s.DefaultListableBeanFactory [DefaultSingletonBeanRegistry.java:225] 
Creating shared instance of singleton bean 'basicErrorController'
2024-11-18 12:02:42,790 DEBUG [main] o.s.b.f.s.DefaultListableBeanFactory [ConstructorResolver.java:808] 
Autowiring by type from bean name 'basicErrorController' via factory method to bean named 'errorAttributes'
2024-11-18 12:02:42,793 DEBUG [main] o.s.b.f.s.DefaultListableBeanFactory [DefaultSingletonBeanRegistry.java:225] 
Creating shared instance of singleton bean 'org.springframework.boot.autoconfigure.web.servlet.WebMvcAutoConfiguration$EnableWebMvcConfiguration'
2024-11-18 12:02:42,815 DEBUG [main] o.s.b.f.s.DefaultListableBeanFactory [ConstructorResolver.java:808] 
Autowiring by type from bean name 'org.springframework.boot.autoconfigure.web.servlet.WebMvcAutoConfiguration$EnableWebMvcConfiguration' via constructor to bean named 'spring.mvc-org.springframework.boot.autoconfigure.web.servlet.WebMvcProperties'
2024-11-18 12:02:42,816 DEBUG [main] o.s.b.f.s.DefaultListableBeanFactory [ConstructorResolver.java:808] 
Autowiring by type from bean name 'org.springframework.boot.autoconfigure.web.servlet.WebMvcAutoConfiguration$EnableWebMvcConfiguration' via constructor to bean named 'spring.web-org.springframework.boot.autoconfigure.web.WebProperties'
2024-11-18 12:02:42,816 DEBUG [main] o.s.b.f.s.DefaultListableBeanFactory [ConstructorResolver.java:808] 
Autowiring by type from bean name 'org.springframework.boot.autoconfigure.web.servlet.WebMvcAutoConfiguration$EnableWebMvcConfiguration' via constructor to bean named 'org.springframework.beans.factory.support.DefaultListableBeanFactory@4d4d8fcf'
2024-11-18 12:02:42,832 DEBUG [main] o.s.b.f.s.DefaultListableBeanFactory [DefaultSingletonBeanRegistry.java:225] 
Creating shared instance of singleton bean 'org.springframework.boot.autoconfigure.web.servlet.WebMvcAutoConfiguration$WebMvcAutoConfigurationAdapter'
2024-11-18 12:02:42,835 DEBUG [main] o.s.b.f.s.DefaultListableBeanFactory [ConstructorResolver.java:808] 
Autowiring by type from bean name 'org.springframework.boot.autoconfigure.web.servlet.WebMvcAutoConfiguration$WebMvcAutoConfigurationAdapter' via constructor to bean named 'spring.web-org.springframework.boot.autoconfigure.web.WebProperties'
2024-11-18 12:02:42,839 DEBUG [main] o.s.b.f.s.DefaultListableBeanFactory [ConstructorResolver.java:808] 
Autowiring by type from bean name 'org.springframework.boot.autoconfigure.web.servlet.WebMvcAutoConfiguration$WebMvcAutoConfigurationAdapter' via constructor to bean named 'spring.mvc-org.springframework.boot.autoconfigure.web.servlet.WebMvcProperties'
2024-11-18 12:02:42,841 DEBUG [main] o.s.b.f.s.DefaultListableBeanFactory [ConstructorResolver.java:808] 
Autowiring by type from bean name 'org.springframework.boot.autoconfigure.web.servlet.WebMvcAutoConfiguration$WebMvcAutoConfigurationAdapter' via constructor to bean named 'org.springframework.beans.factory.support.DefaultListableBeanFactory@4d4d8fcf'
2024-11-18 12:02:42,846 DEBUG [main] o.s.b.f.s.DefaultListableBeanFactory [DefaultSingletonBeanRegistry.java:225] 
Creating shared instance of singleton bean 'requestMappingHandlerAdapter'
2024-11-18 12:02:42,855 DEBUG [main] o.s.b.f.s.DefaultListableBeanFactory [DefaultSingletonBeanRegistry.java:225] 
Creating shared instance of singleton bean 'mvcContentNegotiationManager'
2024-11-18 12:02:42,866 DEBUG [main] o.s.b.f.s.DefaultListableBeanFactory [DefaultSingletonBeanRegistry.java:225] 
Creating shared instance of singleton bean 'mvcConversionService'
2024-11-18 12:02:42,878 DEBUG [main] o.s.b.f.s.DefaultListableBeanFactory [DefaultSingletonBeanRegistry.java:225] 
Creating shared instance of singleton bean 'mvcValidator'
2024-11-18 12:02:42,883 DEBUG [main] o.s.b.f.s.DefaultListableBeanFactory [ConstructorResolver.java:808] 
Autowiring by type from bean name 'requestMappingHandlerAdapter' via factory method to bean named 'mvcContentNegotiationManager'
2024-11-18 12:02:42,883 DEBUG [main] o.s.b.f.s.DefaultListableBeanFactory [ConstructorResolver.java:808] 
Autowiring by type from bean name 'requestMappingHandlerAdapter' via factory method to bean named 'mvcConversionService'
2024-11-18 12:02:42,883 DEBUG [main] o.s.b.f.s.DefaultListableBeanFactory [ConstructorResolver.java:808] 
Autowiring by type from bean name 'requestMappingHandlerAdapter' via factory method to bean named 'mvcValidator'
2024-11-18 12:02:42,886 DEBUG [main] o.s.b.f.s.DefaultListableBeanFactory [ConstructorResolver.java:808] 
Autowiring by type from bean name 'requestMappingHandlerAdapter' via factory method to bean named 'mvcContentNegotiationManager'
2024-11-18 12:02:42,887 DEBUG [main] o.s.b.f.s.DefaultListableBeanFactory [ConstructorResolver.java:808] 
Autowiring by type from bean name 'requestMappingHandlerAdapter' via factory method to bean named 'mvcConversionService'
2024-11-18 12:02:42,887 DEBUG [main] o.s.b.f.s.DefaultListableBeanFactory [ConstructorResolver.java:808] 
Autowiring by type from bean name 'requestMappingHandlerAdapter' via factory method to bean named 'mvcValidator'
2024-11-18 12:02:42,907 DEBUG [main] o.s.b.f.s.DefaultListableBeanFactory [DefaultSingletonBeanRegistry.java:225] 
Creating shared instance of singleton bean 'messageConverters'
2024-11-18 12:02:42,910 DEBUG [main] o.s.b.f.s.DefaultListableBeanFactory [DefaultSingletonBeanRegistry.java:225] 
Creating shared instance of singleton bean 'org.springframework.boot.autoconfigure.http.HttpMessageConvertersAutoConfiguration'
2024-11-18 12:02:42,933 DEBUG [main] o.s.b.f.s.DefaultListableBeanFactory [DefaultSingletonBeanRegistry.java:225] 
Creating shared instance of singleton bean 'stringHttpMessageConverter'
2024-11-18 12:02:42,934 DEBUG [main] o.s.b.f.s.DefaultListableBeanFactory [DefaultSingletonBeanRegistry.java:225] 
Creating shared instance of singleton bean 'org.springframework.boot.autoconfigure.http.HttpMessageConvertersAutoConfiguration$StringHttpMessageConverterConfiguration'
2024-11-18 12:02:42,945 DEBUG [main] o.s.b.f.s.DefaultListableBeanFactory [ConstructorResolver.java:808] 
Autowiring by type from bean name 'stringHttpMessageConverter' via factory method to bean named 'environment'
2024-11-18 12:02:42,957 DEBUG [main] o.s.b.f.s.DefaultListableBeanFactory [DefaultSingletonBeanRegistry.java:225] 
Creating shared instance of singleton bean 'mappingJackson2HttpMessageConverter'
2024-11-18 12:02:42,958 DEBUG [main] o.s.b.f.s.DefaultListableBeanFactory [DefaultSingletonBeanRegistry.java:225] 
Creating shared instance of singleton bean 'org.springframework.boot.autoconfigure.http.JacksonHttpMessageConvertersConfiguration$MappingJackson2HttpMessageConverterConfiguration'
2024-11-18 12:02:42,960 DEBUG [main] o.s.b.f.s.DefaultListableBeanFactory [DefaultSingletonBeanRegistry.java:225] 
Creating shared instance of singleton bean 'jacksonObjectMapper'
2024-11-18 12:02:42,962 DEBUG [main] o.s.b.f.s.DefaultListableBeanFactory [DefaultSingletonBeanRegistry.java:225] 
Creating shared instance of singleton bean 'org.springframework.boot.autoconfigure.jackson.JacksonAutoConfiguration$JacksonObjectMapperConfiguration'
2024-11-18 12:02:42,965 DEBUG [main] o.s.b.f.s.DefaultListableBeanFactory [DefaultSingletonBeanRegistry.java:225] 
Creating shared instance of singleton bean 'org.springframework.boot.autoconfigure.jackson.JacksonAutoConfiguration$JacksonObjectMapperBuilderConfiguration'
2024-11-18 12:02:42,970 DEBUG [main] o.s.b.f.s.DefaultListableBeanFactory [DefaultSingletonBeanRegistry.java:225] 
Creating shared instance of singleton bean 'standardJacksonObjectMapperBuilderCustomizer'
2024-11-18 12:02:42,971 DEBUG [main] o.s.b.f.s.DefaultListableBeanFactory [DefaultSingletonBeanRegistry.java:225] 
Creating shared instance of singleton bean 'org.springframework.boot.autoconfigure.jackson.JacksonAutoConfiguration$Jackson2ObjectMapperBuilderCustomizerConfiguration'
2024-11-18 12:02:42,973 DEBUG [main] o.s.b.f.s.DefaultListableBeanFactory [DefaultSingletonBeanRegistry.java:225] 
Creating shared instance of singleton bean 'spring.jackson-org.springframework.boot.autoconfigure.jackson.JacksonProperties'
2024-11-18 12:02:42,986 DEBUG [main] o.s.b.f.s.DefaultListableBeanFactory [ConstructorResolver.java:808] 
Autowiring by type from bean name 'standardJacksonObjectMapperBuilderCustomizer' via factory method to bean named 'org.springframework.boot.web.servlet.context.AnnotationConfigServletWebServerApplicationContext@756cf158'
2024-11-18 12:02:42,988 DEBUG [main] o.s.b.f.s.DefaultListableBeanFactory [ConstructorResolver.java:808] 
Autowiring by type from bean name 'standardJacksonObjectMapperBuilderCustomizer' via factory method to bean named 'spring.jackson-org.springframework.boot.autoconfigure.jackson.JacksonProperties'
2024-11-18 12:02:42,990 DEBUG [main] o.s.b.f.s.DefaultListableBeanFactory [ConstructorResolver.java:808] 
Autowiring by type from bean name 'jacksonObjectMapperBuilder' via factory method to bean named 'org.springframework.boot.web.servlet.context.AnnotationConfigServletWebServerApplicationContext@756cf158'
2024-11-18 12:02:42,993 DEBUG [main] o.s.b.f.s.DefaultListableBeanFactory [ConstructorResolver.java:808] 
Autowiring by type from bean name 'jacksonObjectMapperBuilder' via factory method to bean named 'standardJacksonObjectMapperBuilderCustomizer'
2024-11-18 12:02:43,003 DEBUG [main] o.s.b.f.s.DefaultListableBeanFactory [DefaultSingletonBeanRegistry.java:225] 
Creating shared instance of singleton bean 'parameterNamesModule'
2024-11-18 12:02:43,005 DEBUG [main] o.s.b.f.s.DefaultListableBeanFactory [DefaultSingletonBeanRegistry.java:225] 
Creating shared instance of singleton bean 'org.springframework.boot.autoconfigure.jackson.JacksonAutoConfiguration$ParameterNamesModuleConfiguration'
2024-11-18 12:02:43,016 DEBUG [main] o.s.b.f.s.DefaultListableBeanFactory [DefaultSingletonBeanRegistry.java:225] 
Creating shared instance of singleton bean 'jsonComponentModule'
2024-11-18 12:02:43,020 DEBUG [main] o.s.b.f.s.DefaultListableBeanFactory [DefaultSingletonBeanRegistry.java:225] 
Creating shared instance of singleton bean 'org.springframework.boot.autoconfigure.jackson.JacksonAutoConfiguration'
2024-11-18 12:02:43,040 DEBUG [main] o.s.b.f.s.DefaultListableBeanFactory [DefaultSingletonBeanRegistry.java:225] 
Creating shared instance of singleton bean 'jsonMixinModule'
2024-11-18 12:02:43,041 DEBUG [main] o.s.b.f.s.DefaultListableBeanFactory [ConstructorResolver.java:808] 
Autowiring by type from bean name 'jsonMixinModule' via factory method to bean named 'org.springframework.boot.web.servlet.context.AnnotationConfigServletWebServerApplicationContext@756cf158'
2024-11-18 12:02:43,042 DEBUG [main] o.s.b.a.AutoConfigurationPackages [AutoConfigurationPackages.java:196] 
@EnableAutoConfiguration was declared on a class in the package 'com.nws.api'. Automatic @Repository and @Entity scanning is enabled.
2024-11-18 12:02:43,063 DEBUG [main] o.s.b.f.s.DefaultListableBeanFactory [ConstructorResolver.java:808] 
Autowiring by type from bean name 'jacksonObjectMapper' via factory method to bean named 'jacksonObjectMapperBuilder'
2024-11-18 12:02:43,088 DEBUG [main] o.s.b.f.s.DefaultListableBeanFactory [ConstructorResolver.java:808] 
Autowiring by type from bean name 'mappingJackson2HttpMessageConverter' via factory method to bean named 'jacksonObjectMapper'
2024-11-18 12:02:43,100 DEBUG [main] o.s.b.f.s.DefaultListableBeanFactory [DefaultSingletonBeanRegistry.java:225] 
Creating shared instance of singleton bean 'applicationTaskExecutor'
2024-11-18 12:02:43,102 DEBUG [main] o.s.b.f.s.DefaultListableBeanFactory [ConstructorResolver.java:808] 
Autowiring by type from bean name 'applicationTaskExecutor' via factory method to bean named 'taskExecutorBuilder'
2024-11-18 12:02:43,109 DEBUG [main] o.s.s.c.ThreadPoolTaskExecutor [ExecutorConfigurationSupport.java:181] 
Initializing ExecutorService 'applicationTaskExecutor'
2024-11-18 12:02:43,136 DEBUG [main] o.s.w.s.m.m.a.RequestMappingHandlerAdapter [RequestMappingHandlerAdapter.java:625] 
ControllerAdvice beans: 0 @ModelAttribute, 0 @InitBinder, 1 RequestBodyAdvice, 1 ResponseBodyAdvice
2024-11-18 12:02:43,182 DEBUG [main] o.s.b.f.s.DefaultListableBeanFactory [DefaultSingletonBeanRegistry.java:225] 
Creating shared instance of singleton bean 'welcomePageHandlerMapping'
2024-11-18 12:02:43,186 DEBUG [main] o.s.b.f.s.DefaultListableBeanFactory [DefaultSingletonBeanRegistry.java:225] 
Creating shared instance of singleton bean 'mvcResourceUrlProvider'
2024-11-18 12:02:43,192 DEBUG [main] o.s.b.f.s.DefaultListableBeanFactory [ConstructorResolver.java:808] 
Autowiring by type from bean name 'welcomePageHandlerMapping' via factory method to bean named 'org.springframework.boot.web.servlet.context.AnnotationConfigServletWebServerApplicationContext@756cf158'
