2024-11-18 11:19:04,750 INFO [http-nio-9990-exec-2] o.a.c.c.C.[.[.[/] [DirectJDKLog.java:173] 
Initializing Spring DispatcherServlet 'dispatcherServlet'
2024-11-18 11:19:04,760 INFO [http-nio-9990-exec-2] o.s.w.s.DispatcherServlet [FrameworkServlet.java:525] 
Initializing Servlet 'dispatcherServlet'
2024-11-18 11:19:04,761 DEBUG [http-nio-9990-exec-2] o.s.w.s.DispatcherServlet [DispatcherServlet.java:521] 
Detected StandardServletMultipartResolver
2024-11-18 11:19:04,762 DEBUG [http-nio-9990-exec-2] o.s.w.s.DispatcherServlet [DispatcherServlet.java:545] 
Detected AcceptHeaderLocaleResolver
2024-11-18 11:19:04,762 DEBUG [http-nio-9990-exec-2] o.s.w.s.DispatcherServlet [DispatcherServlet.java:570] 
Detected FixedThemeResolver
2024-11-18 11:19:04,772 DEBUG [http-nio-9990-exec-2] o.s.w.s.DispatcherServlet [DispatcherServlet.java:720] 
Detected org.springframework.web.servlet.view.DefaultRequestToViewNameTranslator@cbd92f5
2024-11-18 11:19:04,772 DEBUG [http-nio-9990-exec-2] o.s.w.s.DispatcherServlet [DispatcherServlet.java:784] 
Detected org.springframework.web.servlet.support.SessionFlashMapManager@2d037fb5
2024-11-18 11:19:04,773 DEBUG [http-nio-9990-exec-2] o.s.w.s.DispatcherServlet [FrameworkServlet.java:542] 
enableLoggingRequestDetails='false': request parameters and headers will be masked to prevent unsafe logging of potentially sensitive data
2024-11-18 11:19:04,773 INFO [http-nio-9990-exec-2] o.s.w.s.DispatcherServlet [FrameworkServlet.java:547] 
Completed initialization in 12 ms
2024-11-18 11:19:04,788 DEBUG [http-nio-9990-exec-2] o.s.w.s.DispatcherServlet [LogFormatUtils.java:119] 
POST "/api/v2/gettrafficinformaton", parameters={}
2024-11-18 11:19:04,801 DEBUG [http-nio-9990-exec-2] o.s.w.s.h.SimpleUrlHandlerMapping [AbstractHandlerMapping.java:522] 
Mapped to ResourceHttpRequestHandler [classpath [META-INF/resources/], classpath [resources/], classpath [static/], classpath [public/], ServletContext [/]]
2024-11-18 11:19:04,803 INFO [http-nio-9990-exec-2] c.n.a.i.BaseInterceptor [BaseInterceptor.java:52] 
Inside prehandle
2024-11-18 11:19:04,835 INFO [http-nio-9990-exec-2] c.n.a.i.BaseInterceptor [BaseInterceptor.java:557] 
############Request Processing started for request-id ab and esbURL is /api/v2/gettrafficinformaton
2024-11-18 11:19:04,842 INFO [http-nio-9990-exec-2] c.n.a.f.GetDetails [GetDetails.java:20] 
Inside getEncryption status.. for service code gettrafficinformaton
2024-11-18 11:19:05,522 DEBUG [http-nio-9990-exec-2] c.n.a.f.GetDetails [GetDetails.java:33] 
Encryption status is N
2024-11-18 11:19:05,525 INFO [http-nio-9990-exec-2] c.n.a.i.BaseInterceptor [BaseInterceptor.java:594] 
Inside DDOS filtering
2024-11-18 11:19:05,525 INFO [http-nio-9990-exec-2] c.n.a.f.GetDetails [GetDetails.java:170] 
Inside get error codes.
2024-11-18 11:19:05,612 INFO [http-nio-9990-exec-2] c.n.a.f.AuthenticationFilter [AuthenticationFilter.java:30] 
inside request param validation
2024-11-18 11:19:05,612 INFO [http-nio-9990-exec-2] c.n.a.f.AuthenticationFilter [AuthenticationFilter.java:76] 
In Timestamp validation
2024-11-18 11:19:05,613 INFO [http-nio-9990-exec-2] c.n.a.f.AuthenticationFilter [AuthenticationFilter.java:82] 
The timestamp difference is--
2024-11-18 11:19:05,614 INFO [http-nio-9990-exec-2] c.n.a.f.AuthenticationFilter [AuthenticationFilter.java:122] 
Validating auth key for consumerCode ESP with auth key 36997d562e054a318475c4025b913338
2024-11-18 11:19:05,614 INFO [http-nio-9990-exec-2] c.n.a.f.AuthenticationFilter [AuthenticationFilter.java:139] 
Inside getAuthKeyFromDB..
2024-11-18 11:19:05,701 INFO [http-nio-9990-exec-2] c.n.a.f.AuthenticationFilter [AuthenticationFilter.java:124] 
Auth Key from DB for Consumer code ESP is  36997d562e054a318475c4025b913338
2024-11-18 11:19:05,702 INFO [http-nio-9990-exec-2] c.n.a.f.AuthenticationFilter [AuthenticationFilter.java:139] 
Inside getAuthKeyFromDB..
2024-11-18 11:19:05,797 INFO [http-nio-9990-exec-2] c.n.a.f.AuthenticationFilter [AuthenticationFilter.java:175] 
Whitelist Process Starts here....
2024-11-18 11:19:05,798 INFO [http-nio-9990-exec-2] c.n.a.f.AuthenticationFilter [AuthenticationFilter.java:187] 
Inside is whiteListed
2024-11-18 11:19:05,888 DEBUG [http-nio-9990-exec-2] c.n.a.f.AuthenticationFilter [AuthenticationFilter.java:236] 
Consumer allowed for gettrafficinformaton
2024-11-18 11:19:05,897 DEBUG [http-nio-9990-exec-2] o.s.w.s.r.ResourceHttpRequestHandler [ResourceHttpRequestHandler.java:560] 
Resource not found
2024-11-18 11:19:05,944 INFO [http-nio-9990-exec-2] c.n.a.p.AuditLogProcessor [AuditLogProcessor.java:31] 
Auditing records in AuditData Processor.
2024-11-18 11:19:06,041 INFO [pool-2-thread-1] c.n.a.p.AuditLogProcessor [AuditLogProcessor.java:83] 
Auditing in database.
2024-11-18 11:19:06,044 DEBUG [http-nio-9990-exec-2] o.s.w.s.DispatcherServlet [FrameworkServlet.java:1131] 
Completed 404 NOT_FOUND
2024-11-18 11:19:06,054 DEBUG [http-nio-9990-exec-2] o.s.w.s.DispatcherServlet [LogFormatUtils.java:119] 
"ERROR" dispatch for POST "/error", parameters={}
2024-11-18 11:19:06,059 DEBUG [http-nio-9990-exec-2] o.s.w.s.m.m.a.RequestMappingHandlerMapping [AbstractHandlerMapping.java:522] 
Mapped to org.springframework.boot.autoconfigure.web.servlet.error.BasicErrorController#error(HttpServletRequest)
2024-11-18 11:19:06,059 INFO [http-nio-9990-exec-2] c.n.a.i.BaseInterceptor [BaseInterceptor.java:52] 
Inside prehandle
2024-11-18 11:19:06,060 INFO [http-nio-9990-exec-2] c.n.a.i.BaseInterceptor [BaseInterceptor.java:557] 
############Request Processing started for request-id ab and esbURL is /error
2024-11-18 11:19:06,062 INFO [http-nio-9990-exec-2] c.n.a.i.BaseInterceptor [BaseInterceptor.java:573] 
Invalid URL sent by requestId ab
2024-11-18 11:19:06,062 DEBUG [http-nio-9990-exec-2] o.s.w.s.DispatcherServlet [FrameworkServlet.java:1127] 
Exiting from "ERROR" dispatch, status 404
2024-11-18 11:19:51,889 INFO [RMI TCP Connection(7)-127.0.0.1] o.s.b.a.SpringApplicationAdminMXBeanRegistrar$SpringApplicationAdmin [SpringApplicationAdminMXBeanRegistrar.java:159] 
Application shutdown requested.
2024-11-18 11:19:51,889 DEBUG [RMI TCP Connection(7)-127.0.0.1] o.s.b.a.ApplicationAvailabilityBean [ApplicationAvailabilityBean.java:77] 
Application availability state ReadinessState changed from ACCEPTING_TRAFFIC to REFUSING_TRAFFIC
2024-11-18 11:19:51,890 DEBUG [RMI TCP Connection(7)-127.0.0.1] o.s.b.w.s.c.AnnotationConfigServletWebServerApplicationContext [AbstractApplicationContext.java:1049] 
Closing org.springframework.boot.web.servlet.context.AnnotationConfigServletWebServerApplicationContext@6175619b, started on Mon Nov 18 11:18:48 GST 2024
2024-11-18 11:19:51,891 DEBUG [RMI TCP Connection(7)-127.0.0.1] o.s.c.s.DefaultLifecycleProcessor [DefaultLifecycleProcessor.java:365] 
Stopping beans in phase 2147483647
2024-11-18 11:19:51,920 DEBUG [RMI TCP Connection(7)-127.0.0.1] o.s.c.s.DefaultLifecycleProcessor [DefaultLifecycleProcessor.java:238] 
Bean 'webServerGracefulShutdown' completed its stop procedure
2024-11-18 11:19:51,920 DEBUG [RMI TCP Connection(7)-127.0.0.1] o.s.c.s.DefaultLifecycleProcessor [DefaultLifecycleProcessor.java:365] 
Stopping beans in phase 2147483646
2024-11-18 11:19:52,044 INFO [RMI TCP Connection(7)-127.0.0.1] o.a.c.h.Http11NioProtocol [DirectJDKLog.java:173] 
Pausing ProtocolHandler ["http-nio-9990"]
2024-11-18 11:19:52,044 INFO [RMI TCP Connection(7)-127.0.0.1] o.a.c.c.StandardService [DirectJDKLog.java:173] 
Stopping service [Tomcat]
2024-11-18 11:19:52,052 INFO [RMI TCP Connection(7)-127.0.0.1] o.a.c.c.C.[.[.[/] [DirectJDKLog.java:173] 
Destroying Spring FrameworkServlet 'dispatcherServlet'
2024-11-18 11:19:52,063 WARN [RMI TCP Connection(7)-127.0.0.1] o.a.c.l.WebappClassLoaderBase [DirectJDKLog.java:173] 
The web application [ROOT] appears to have started a thread named [logback-2] but has failed to stop it. This is very likely to create a memory leak. Stack trace of thread:
 java.base@11.0.10/jdk.internal.misc.Unsafe.park(Native Method)
 java.base@11.0.10/java.util.concurrent.locks.LockSupport.park(LockSupport.java:194)
 java.base@11.0.10/java.util.concurrent.locks.AbstractQueuedSynchronizer$ConditionObject.await(AbstractQueuedSynchronizer.java:2081)
 java.base@11.0.10/java.util.concurrent.ScheduledThreadPoolExecutor$DelayedWorkQueue.take(ScheduledThreadPoolExecutor.java:1170)
 java.base@11.0.10/java.util.concurrent.ScheduledThreadPoolExecutor$DelayedWorkQueue.take(ScheduledThreadPoolExecutor.java:899)
 java.base@11.0.10/java.util.concurrent.ThreadPoolExecutor.getTask(ThreadPoolExecutor.java:1054)
 java.base@11.0.10/java.util.concurrent.ThreadPoolExecutor.runWorker(ThreadPoolExecutor.java:1114)
 java.base@11.0.10/java.util.concurrent.ThreadPoolExecutor$Worker.run(ThreadPoolExecutor.java:628)
 java.base@11.0.10/java.lang.Thread.run(Thread.java:834)
2024-11-18 11:19:52,064 WARN [RMI TCP Connection(7)-127.0.0.1] o.a.c.l.WebappClassLoaderBase [DirectJDKLog.java:173] 
The web application [ROOT] appears to have started a thread named [logback-6] but has failed to stop it. This is very likely to create a memory leak. Stack trace of thread:
 java.base@11.0.10/jdk.internal.misc.Unsafe.park(Native Method)
 java.base@11.0.10/java.util.concurrent.locks.LockSupport.park(LockSupport.java:194)
 java.base@11.0.10/java.util.concurrent.locks.AbstractQueuedSynchronizer$ConditionObject.await(AbstractQueuedSynchronizer.java:2081)
 java.base@11.0.10/java.util.concurrent.ScheduledThreadPoolExecutor$DelayedWorkQueue.take(ScheduledThreadPoolExecutor.java:1170)
 java.base@11.0.10/java.util.concurrent.ScheduledThreadPoolExecutor$DelayedWorkQueue.take(ScheduledThreadPoolExecutor.java:899)
 java.base@11.0.10/java.util.concurrent.ThreadPoolExecutor.getTask(ThreadPoolExecutor.java:1054)
 java.base@11.0.10/java.util.concurrent.ThreadPoolExecutor.runWorker(ThreadPoolExecutor.java:1114)
 java.base@11.0.10/java.util.concurrent.ThreadPoolExecutor$Worker.run(ThreadPoolExecutor.java:628)
 java.base@11.0.10/java.lang.Thread.run(Thread.java:834)
2024-11-18 11:19:52,064 WARN [RMI TCP Connection(7)-127.0.0.1] o.a.c.l.WebappClassLoaderBase [DirectJDKLog.java:173] 
The web application [ROOT] appears to have started a thread named [Timer-0] but has failed to stop it. This is very likely to create a memory leak. Stack trace of thread:
 java.base@11.0.10/java.lang.Object.wait(Native Method)
 java.base@11.0.10/java.lang.Object.wait(Object.java:328)
 java.base@11.0.10/java.util.TimerThread.mainLoop(Timer.java:527)
 java.base@11.0.10/java.util.TimerThread.run(Timer.java:506)
