2024-11-18 12:28:38,567 INFO [http-nio-9990-exec-2] o.a.c.c.C.[.[.[/] [DirectJDKLog.java:173] 
Initializing Spring DispatcherServlet 'dispatcherServlet'
2024-11-18 12:28:38,573 INFO [http-nio-9990-exec-2] o.s.w.s.DispatcherServlet [FrameworkServlet.java:525] 
Initializing Servlet 'dispatcherServlet'
2024-11-18 12:28:38,573 DEBUG [http-nio-9990-exec-2] o.s.w.s.DispatcherServlet [DispatcherServlet.java:521] 
Detected StandardServletMultipartResolver
2024-11-18 12:28:38,573 DEBUG [http-nio-9990-exec-2] o.s.w.s.DispatcherServlet [DispatcherServlet.java:545] 
Detected AcceptHeaderLocaleResolver
2024-11-18 12:28:38,574 DEBUG [http-nio-9990-exec-2] o.s.w.s.DispatcherServlet [DispatcherServlet.java:570] 
Detected FixedThemeResolver
2024-11-18 12:28:38,583 DEBUG [http-nio-9990-exec-2] o.s.w.s.DispatcherServlet [DispatcherServlet.java:720] 
Detected org.springframework.web.servlet.view.DefaultRequestToViewNameTranslator@5ff66f4f
2024-11-18 12:28:38,583 DEBUG [http-nio-9990-exec-2] o.s.w.s.DispatcherServlet [DispatcherServlet.java:784] 
Detected org.springframework.web.servlet.support.SessionFlashMapManager@1f78a27b
2024-11-18 12:28:38,584 DEBUG [http-nio-9990-exec-2] o.s.w.s.DispatcherServlet [FrameworkServlet.java:542] 
enableLoggingRequestDetails='false': request parameters and headers will be masked to prevent unsafe logging of potentially sensitive data
2024-11-18 12:28:38,584 INFO [http-nio-9990-exec-2] o.s.w.s.DispatcherServlet [FrameworkServlet.java:547] 
Completed initialization in 11 ms
2024-11-18 12:28:38,600 DEBUG [http-nio-9990-exec-2] o.s.w.s.DispatcherServlet [LogFormatUtils.java:119] 
POST "/api/v2/gettrafficinformaton", parameters={}
2024-11-18 12:28:38,615 DEBUG [http-nio-9990-exec-2] o.s.w.s.h.SimpleUrlHandlerMapping [AbstractHandlerMapping.java:522] 
Mapped to ResourceHttpRequestHandler [classpath [META-INF/resources/], classpath [resources/], classpath [static/], classpath [public/], ServletContext [/]]
2024-11-18 12:28:38,616 INFO [http-nio-9990-exec-2] c.n.a.i.BaseInterceptor [BaseInterceptor.java:52] 
Inside prehandle
2024-11-18 12:28:38,645 INFO [http-nio-9990-exec-2] c.n.a.i.BaseInterceptor [BaseInterceptor.java:558] 
############Request Processing started for request-id ab and esbURL is /api/v2/gettrafficinformaton
2024-11-18 12:28:38,652 INFO [http-nio-9990-exec-2] c.n.a.f.GetDetails [GetDetails.java:20] 
Inside getEncryption status.. for service code gettrafficinformaton
2024-11-18 12:28:39,329 DEBUG [http-nio-9990-exec-2] c.n.a.f.GetDetails [GetDetails.java:33] 
Encryption status is N
2024-11-18 12:28:39,331 INFO [http-nio-9990-exec-2] c.n.a.i.BaseInterceptor [BaseInterceptor.java:595] 
Inside DDOS filtering
2024-11-18 12:28:39,331 INFO [http-nio-9990-exec-2] c.n.a.f.GetDetails [GetDetails.java:170] 
Inside get error codes.
2024-11-18 12:28:39,410 INFO [http-nio-9990-exec-2] c.n.a.f.AuthenticationFilter [AuthenticationFilter.java:30] 
inside request param validation
2024-11-18 12:28:39,411 INFO [http-nio-9990-exec-2] c.n.a.f.AuthenticationFilter [AuthenticationFilter.java:76] 
In Timestamp validation
2024-11-18 12:28:39,412 INFO [http-nio-9990-exec-2] c.n.a.f.AuthenticationFilter [AuthenticationFilter.java:82] 
The timestamp difference is--
2024-11-18 12:28:39,412 INFO [http-nio-9990-exec-2] c.n.a.f.AuthenticationFilter [AuthenticationFilter.java:122] 
Validating auth key for consumerCode ESP with auth key 36997d562e054a318475c4025b913338
2024-11-18 12:28:39,412 INFO [http-nio-9990-exec-2] c.n.a.f.AuthenticationFilter [AuthenticationFilter.java:139] 
Inside getAuthKeyFromDB..
2024-11-18 12:28:39,494 INFO [http-nio-9990-exec-2] c.n.a.f.AuthenticationFilter [AuthenticationFilter.java:124] 
Auth Key from DB for Consumer code ESP is  36997d562e054a318475c4025b913338
2024-11-18 12:28:39,495 INFO [http-nio-9990-exec-2] c.n.a.f.AuthenticationFilter [AuthenticationFilter.java:139] 
Inside getAuthKeyFromDB..
2024-11-18 12:28:39,567 INFO [http-nio-9990-exec-2] c.n.a.f.AuthenticationFilter [AuthenticationFilter.java:175] 
Whitelist Process Starts here....
2024-11-18 12:28:39,568 INFO [http-nio-9990-exec-2] c.n.a.f.AuthenticationFilter [AuthenticationFilter.java:187] 
Inside is whiteListed
2024-11-18 12:28:39,650 DEBUG [http-nio-9990-exec-2] c.n.a.f.AuthenticationFilter [AuthenticationFilter.java:241] 
Consumer allowed for gettrafficinformaton
2024-11-18 12:28:39,656 DEBUG [http-nio-9990-exec-2] o.s.w.s.r.ResourceHttpRequestHandler [ResourceHttpRequestHandler.java:560] 
Resource not found
2024-11-18 12:28:39,709 INFO [http-nio-9990-exec-2] c.n.a.p.AuditLogProcessor [AuditLogProcessor.java:31] 
Auditing records in AuditData Processor.
2024-11-18 12:28:39,795 INFO [pool-2-thread-1] c.n.a.p.AuditLogProcessor [AuditLogProcessor.java:83] 
Auditing in database.
2024-11-18 12:28:39,799 DEBUG [http-nio-9990-exec-2] o.s.w.s.DispatcherServlet [FrameworkServlet.java:1131] 
Completed 404 NOT_FOUND
2024-11-18 12:28:39,812 DEBUG [http-nio-9990-exec-2] o.s.w.s.DispatcherServlet [LogFormatUtils.java:119] 
"ERROR" dispatch for POST "/error", parameters={}
2024-11-18 12:28:39,818 DEBUG [http-nio-9990-exec-2] o.s.w.s.m.m.a.RequestMappingHandlerMapping [AbstractHandlerMapping.java:522] 
Mapped to org.springframework.boot.autoconfigure.web.servlet.error.BasicErrorController#error(HttpServletRequest)
2024-11-18 12:28:39,822 INFO [http-nio-9990-exec-2] c.n.a.i.BaseInterceptor [BaseInterceptor.java:52] 
Inside prehandle
2024-11-18 12:28:39,823 INFO [http-nio-9990-exec-2] c.n.a.i.BaseInterceptor [BaseInterceptor.java:558] 
############Request Processing started for request-id ab and esbURL is /error
2024-11-18 12:28:39,825 INFO [http-nio-9990-exec-2] c.n.a.i.BaseInterceptor [BaseInterceptor.java:574] 
Invalid URL sent by requestId ab
2024-11-18 12:28:39,826 DEBUG [http-nio-9990-exec-2] o.s.w.s.DispatcherServlet [FrameworkServlet.java:1127] 
Exiting from "ERROR" dispatch, status 404
2024-11-18 12:30:37,420 INFO [RMI TCP Connection(10)-127.0.0.1] o.s.b.a.SpringApplicationAdminMXBeanRegistrar$SpringApplicationAdmin [SpringApplicationAdminMXBeanRegistrar.java:159] 
Application shutdown requested.
2024-11-18 12:30:37,420 DEBUG [RMI TCP Connection(10)-127.0.0.1] o.s.b.a.ApplicationAvailabilityBean [ApplicationAvailabilityBean.java:77] 
Application availability state ReadinessState changed from ACCEPTING_TRAFFIC to REFUSING_TRAFFIC
2024-11-18 12:30:37,421 DEBUG [RMI TCP Connection(10)-127.0.0.1] o.s.b.w.s.c.AnnotationConfigServletWebServerApplicationContext [AbstractApplicationContext.java:1049] 
Closing org.springframework.boot.web.servlet.context.AnnotationConfigServletWebServerApplicationContext@2f058b8a, started on Mon Nov 18 12:27:46 GST 2024
2024-11-18 12:30:37,422 DEBUG [RMI TCP Connection(10)-127.0.0.1] o.s.c.s.DefaultLifecycleProcessor [DefaultLifecycleProcessor.java:365] 
Stopping beans in phase 2147483647
2024-11-18 12:30:37,436 DEBUG [RMI TCP Connection(10)-127.0.0.1] o.s.c.s.DefaultLifecycleProcessor [DefaultLifecycleProcessor.java:238] 
Bean 'webServerGracefulShutdown' completed its stop procedure
2024-11-18 12:30:37,436 DEBUG [RMI TCP Connection(10)-127.0.0.1] o.s.c.s.DefaultLifecycleProcessor [DefaultLifecycleProcessor.java:365] 
Stopping beans in phase 2147483646
2024-11-18 12:30:39,203 INFO [RMI TCP Connection(10)-127.0.0.1] o.a.c.h.Http11NioProtocol [DirectJDKLog.java:173] 
Pausing ProtocolHandler ["http-nio-9990"]
2024-11-18 12:30:39,204 INFO [RMI TCP Connection(10)-127.0.0.1] o.a.c.c.StandardService [DirectJDKLog.java:173] 
Stopping service [Tomcat]
2024-11-18 12:30:39,212 INFO [RMI TCP Connection(10)-127.0.0.1] o.a.c.c.C.[.[.[/] [DirectJDKLog.java:173] 
Destroying Spring FrameworkServlet 'dispatcherServlet'
2024-11-18 12:30:39,220 WARN [RMI TCP Connection(10)-127.0.0.1] o.a.c.l.WebappClassLoaderBase [DirectJDKLog.java:173] 
The web application [ROOT] appears to have started a thread named [logback-7] but has failed to stop it. This is very likely to create a memory leak. Stack trace of thread:
 java.base@11.0.10/jdk.internal.misc.Unsafe.park(Native Method)
 java.base@11.0.10/java.util.concurrent.locks.LockSupport.park(LockSupport.java:194)
 java.base@11.0.10/java.util.concurrent.locks.AbstractQueuedSynchronizer$ConditionObject.await(AbstractQueuedSynchronizer.java:2081)
 java.base@11.0.10/java.util.concurrent.ScheduledThreadPoolExecutor$DelayedWorkQueue.take(ScheduledThreadPoolExecutor.java:1170)
 java.base@11.0.10/java.util.concurrent.ScheduledThreadPoolExecutor$DelayedWorkQueue.take(ScheduledThreadPoolExecutor.java:899)
 java.base@11.0.10/java.util.concurrent.ThreadPoolExecutor.getTask(ThreadPoolExecutor.java:1054)
 java.base@11.0.10/java.util.concurrent.ThreadPoolExecutor.runWorker(ThreadPoolExecutor.java:1114)
 java.base@11.0.10/java.util.concurrent.ThreadPoolExecutor$Worker.run(ThreadPoolExecutor.java:628)
 java.base@11.0.10/java.lang.Thread.run(Thread.java:834)
2024-11-18 12:30:39,221 WARN [RMI TCP Connection(10)-127.0.0.1] o.a.c.l.WebappClassLoaderBase [DirectJDKLog.java:173] 
The web application [ROOT] appears to have started a thread named [Timer-0] but has failed to stop it. This is very likely to create a memory leak. Stack trace of thread:
 java.base@11.0.10/java.lang.Object.wait(Native Method)
 java.base@11.0.10/java.lang.Object.wait(Object.java:328)
 java.base@11.0.10/java.util.TimerThread.mainLoop(Timer.java:527)
 java.base@11.0.10/java.util.TimerThread.run(Timer.java:506)
2024-11-18 12:30:39,222 WARN [RMI TCP Connection(10)-127.0.0.1] o.a.c.l.WebappClassLoaderBase [DirectJDKLog.java:173] 
The web application [ROOT] appears to have started a thread named [oracle.jdbc.driver.BlockSource.ThreadedCachingBlockSource.BlockReleaser] but has failed to stop it. This is very likely to create a memory leak. Stack trace of thread:
 java.base@11.0.10/java.lang.Object.wait(Native Method)
 app//oracle.jdbc.driver.BlockSource$ThreadedCachingBlockSource$BlockReleaser.run(BlockSource.java:331)
2024-11-18 12:30:39,226 WARN [RMI TCP Connection(10)-127.0.0.1] o.a.c.l.WebappClassLoaderBase [DirectJDKLog.java:173] 
The web application [ROOT] appears to have started a thread named [InterruptTimer] but has failed to stop it. This is very likely to create a memory leak. Stack trace of thread:
 java.base@11.0.10/java.lang.Object.wait(Native Method)
 java.base@11.0.10/java.util.TimerThread.mainLoop(Timer.java:553)
 java.base@11.0.10/java.util.TimerThread.run(Timer.java:506)
2024-11-18 12:30:39,229 INFO [RMI TCP Connection(10)-127.0.0.1] o.a.c.h.Http11NioProtocol [DirectJDKLog.java:173] 
Stopping ProtocolHandler ["http-nio-9990"]
2024-11-18 12:30:39,238 INFO [RMI TCP Connection(10)-127.0.0.1] o.a.c.h.Http11NioProtocol [DirectJDKLog.java:173] 
Destroying ProtocolHandler ["http-nio-9990"]
2024-11-18 12:30:39,240 DEBUG [RMI TCP Connection(10)-127.0.0.1] o.s.c.s.DefaultLifecycleProcessor [DefaultLifecycleProcessor.java:238] 
Bean 'webServerStartStop' completed its stop procedure
2024-11-18 12:30:39,241 DEBUG [RMI TCP Connection(10)-127.0.0.1] o.s.c.s.DefaultLifecycleProcessor [DefaultLifecycleProcessor.java:365] 
Stopping beans in phase -2147483647
2024-11-18 12:30:39,241 DEBUG [RMI TCP Connection(10)-127.0.0.1] o.s.c.s.DefaultLifecycleProcessor [DefaultLifecycleProcessor.java:238] 
Bean 'springBootLoggingLifecycle' completed its stop procedure
2024-11-18 12:30:39,243 DEBUG [RMI TCP Connection(10)-127.0.0.1] o.s.j.e.a.AnnotationMBeanExporter [MBeanExporter.java:452] 
Unregistering JMX-exposed beans on shutdown
2024-11-18 12:30:39,247 DEBUG [RMI TCP Connection(10)-127.0.0.1] o.s.s.c.ThreadPoolTaskExecutor [ExecutorConfigurationSupport.java:218] 
Shutting down ExecutorService 'applicationTaskExecutor'
2024-11-18 12:30:56,897 INFO [main] c.n.a.NwsMiddlewareApplication [StartupInfoLogger.java:55] 
Starting NwsMiddlewareApplication using Java 11.0.10 on DIAM-ITAMIDWARE with PID 12364 (D:\allConfigData\NwsMiddleware\target\classes started by PAMIDMGMT in D:\allConfigData\NwsMiddleware)
2024-11-18 12:30:56,902 DEBUG [main] c.n.a.NwsMiddlewareApplication [StartupInfoLogger.java:56] 
Running with Spring Boot v2.7.9, Spring v5.3.25
2024-11-18 12:30:56,903 INFO [main] c.n.a.NwsMiddlewareApplication [SpringApplication.java:631] 
No active profile set, falling back to 1 default profile: "default"
2024-11-18 12:30:56,904 DEBUG [main] o.s.b.SpringApplication [SpringApplication.java:664] 
Loading source class com.nws.api.NwsMiddlewareApplication
2024-11-18 12:30:56,982 DEBUG [main] o.s.b.w.s.c.AnnotationConfigServletWebServerApplicationContext [AbstractApplicationContext.java:629] 
Refreshing org.springframework.boot.web.servlet.context.AnnotationConfigServletWebServerApplicationContext@6175619b
2024-11-18 12:30:57,012 DEBUG [main] o.s.b.f.s.DefaultListableBeanFactory [DefaultSingletonBeanRegistry.java:225] 
Creating shared instance of singleton bean 'org.springframework.context.annotation.internalConfigurationAnnotationProcessor'
2024-11-18 12:30:57,040 DEBUG [main] o.s.b.f.s.DefaultListableBeanFactory [DefaultSingletonBeanRegistry.java:225] 
Creating shared instance of singleton bean 'org.springframework.boot.autoconfigure.internalCachingMetadataReaderFactory'
2024-11-18 12:30:57,136 DEBUG [main] o.s.c.a.ClassPathBeanDefinitionScanner [ClassPathScanningCandidateComponentProvider.java:435] 
Identified candidate component class: file [D:\allConfigData\NwsMiddleware\target\classes\com\nws\api\config\WebConfig.class]
2024-11-18 12:30:57,155 DEBUG [main] o.s.c.a.ClassPathBeanDefinitionScanner [ClassPathScanningCandidateComponentProvider.java:435] 
Identified candidate component class: file [D:\allConfigData\NwsMiddleware\target\classes\com\nws\api\controller\Controllers.class]
2024-11-18 12:30:57,166 DEBUG [main] o.s.c.a.ClassPathBeanDefinitionScanner [ClassPathScanningCandidateComponentProvider.java:435] 
Identified candidate component class: file [D:\allConfigData\NwsMiddleware\target\classes\com\nws\api\controller\DiamControllerVer1.class]
2024-11-18 12:30:57,172 DEBUG [main] o.s.c.a.ClassPathBeanDefinitionScanner [ClassPathScanningCandidateComponentProvider.java:435] 
Identified candidate component class: file [D:\allConfigData\NwsMiddleware\target\classes\com\nws\api\controller\DiamControllerVer2.class]
2024-11-18 12:30:57,173 DEBUG [main] o.s.c.a.ClassPathBeanDefinitionScanner [ClassPathScanningCandidateComponentProvider.java:435] 
Identified candidate component class: file [D:\allConfigData\NwsMiddleware\target\classes\com\nws\api\esb\ConnectionHelper.class]
2024-11-18 12:30:57,177 DEBUG [main] o.s.c.a.ClassPathBeanDefinitionScanner [ClassPathScanningCandidateComponentProvider.java:435] 
Identified candidate component class: file [D:\allConfigData\NwsMiddleware\target\classes\com\nws\api\exception\GlobalExceptionHandler.class]
2024-11-18 12:30:57,181 DEBUG [main] o.s.c.a.ClassPathBeanDefinitionScanner [ClassPathScanningCandidateComponentProvider.java:435] 
Identified candidate component class: file [D:\allConfigData\NwsMiddleware\target\classes\com\nws\api\interceptor\BaseInterceptor.class]
2024-11-18 12:30:57,199 DEBUG [main] o.s.c.a.ClassPathBeanDefinitionScanner [ClassPathScanningCandidateComponentProvider.java:435] 
Identified candidate component class: file [D:\allConfigData\NwsMiddleware\target\classes\com\nws\api\service\DiamServiceVer1.class]
