2024-11-18 11:20:01,083 DEBUG [main] o.s.c.e.PropertySourcesPropertyResolver [PropertySourcesPropertyResolver.java:115] 
Found key 'getPersonInformationURL-internal-service-url' in PropertySource 'environmentProperties' with value of type String
2024-11-18 11:20:01,149 DEBUG [main] o.s.b.c.p.s.ConfigurationPropertySourcesPropertyResolver$DefaultResolver [PropertySourcesPropertyResolver.java:115] 
Found key 'getTrafficInformationURL-internal-service-url' in PropertySource 'Config resource 'class path resource [application.properties]' via location 'optional:classpath:/'' with value of type String
2024-11-18 11:20:01,153 DEBUG [main] o.s.c.e.PropertySourcesPropertyResolver [PropertySourcesPropertyResolver.java:115] 
Found key 'getTrafficInformationURL-internal-service-url' in PropertySource 'environmentProperties' with value of type String
2024-11-18 11:20:01,158 DEBUG [main] o.s.c.e.PropertySourcesPropertyResolver [PropertySourcesPropertyResolver.java:115] 
Found key 'getplotdetailsbycrookie-target-url' in PropertySource 'environmentProperties' with value of type String
2024-11-18 11:20:01,161 DEBUG [main] o.s.c.e.PropertySourcesPropertyResolver [PropertySourcesPropertyResolver.java:115] 
Found key 'getplotdetailsbycrookie-soap-action' in PropertySource 'environmentProperties' with value of type String
2024-11-18 11:20:01,162 DEBUG [main] o.s.c.e.PropertySourcesPropertyResolver [PropertySourcesPropertyResolver.java:115] 
Found key 'getplotdetailsbycrookie.username' in PropertySource 'environmentProperties' with value of type String
2024-11-18 11:20:01,163 DEBUG [main] o.s.c.e.PropertySourcesPropertyResolver [PropertySourcesPropertyResolver.java:115] 
Found key 'getplotdetailsbycrookie.password' in PropertySource 'environmentProperties' with value of type String
2024-11-18 11:20:01,164 DEBUG [main] o.s.c.e.PropertySourcesPropertyResolver [PropertySourcesPropertyResolver.java:115] 
Found key 'getsocialbenefitdata.username' in PropertySource 'environmentProperties' with value of type String
2024-11-18 11:20:01,164 DEBUG [main] o.s.c.e.PropertySourcesPropertyResolver [PropertySourcesPropertyResolver.java:115] 
Found key 'getsocialbenefitdata.password' in PropertySource 'environmentProperties' with value of type String
2024-11-18 11:20:01,165 DEBUG [main] o.s.c.e.PropertySourcesPropertyResolver [PropertySourcesPropertyResolver.java:115] 
Found key 'getsocialbenefitdata-target-url' in PropertySource 'environmentProperties' with value of type String
2024-11-18 11:20:01,165 DEBUG [main] o.s.c.e.PropertySourcesPropertyResolver [PropertySourcesPropertyResolver.java:115] 
Found key 'getsocialbenefitdata-soap-action' in PropertySource 'environmentProperties' with value of type String
2024-11-18 11:20:01,165 DEBUG [main] o.s.c.e.PropertySourcesPropertyResolver [PropertySourcesPropertyResolver.java:115] 
Found key 'getmeterreading-target-url' in PropertySource 'environmentProperties' with value of type String
2024-11-18 11:20:01,166 DEBUG [main] o.s.c.e.PropertySourcesPropertyResolver [PropertySourcesPropertyResolver.java:115] 
Found key 'auth-username' in PropertySource 'environmentProperties' with value of type String
2024-11-18 11:20:01,166 DEBUG [main] o.s.c.e.PropertySourcesPropertyResolver [PropertySourcesPropertyResolver.java:115] 
Found key 'auth-password' in PropertySource 'environmentProperties' with value of type String
2024-11-18 11:20:01,167 DEBUG [main] o.s.c.e.PropertySourcesPropertyResolver [PropertySourcesPropertyResolver.java:115] 
Found key 'getcompanydata-service-url' in PropertySource 'environmentProperties' with value of type String
2024-11-18 11:20:01,167 DEBUG [main] o.s.b.f.s.DefaultListableBeanFactory [DefaultSingletonBeanRegistry.java:225] 
Creating shared instance of singleton bean 'connectionHelper'
2024-11-18 11:20:01,169 DEBUG [main] o.s.b.f.s.DefaultListableBeanFactory [DefaultSingletonBeanRegistry.java:225] 
Creating shared instance of singleton bean 'globalExceptionHandler'
2024-11-18 11:20:01,171 DEBUG [main] o.s.b.f.s.DefaultListableBeanFactory [DefaultSingletonBeanRegistry.java:225] 
Creating shared instance of singleton bean 'DBUtils'
2024-11-18 11:20:01,172 DEBUG [main] o.s.c.e.PropertySourcesPropertyResolver [PropertySourcesPropertyResolver.java:115] 
Found key 'esb-db-classname' in PropertySource 'environmentProperties' with value of type String
2024-11-18 11:20:01,172 DEBUG [main] o.s.c.e.PropertySourcesPropertyResolver [PropertySourcesPropertyResolver.java:115] 
Found key 'esb-db-url' in PropertySource 'environmentProperties' with value of type String
2024-11-18 11:20:01,173 DEBUG [main] o.s.c.e.PropertySourcesPropertyResolver [PropertySourcesPropertyResolver.java:115] 
Found key 'esb-db-username' in PropertySource 'environmentProperties' with value of type String
2024-11-18 11:20:01,173 DEBUG [main] o.s.c.e.PropertySourcesPropertyResolver [PropertySourcesPropertyResolver.java:115] 
Found key 'esb-db-password' in PropertySource 'environmentProperties' with value of type String
2024-11-18 11:20:01,174 DEBUG [main] o.s.c.e.PropertySourcesPropertyResolver [PropertySourcesPropertyResolver.java:115] 
Found key 'timestamp.duration' in PropertySource 'environmentProperties' with value of type String
2024-11-18 11:20:01,174 DEBUG [main] o.s.c.e.PropertySourcesPropertyResolver [PropertySourcesPropertyResolver.java:115] 
Found key 'content-length' in PropertySource 'environmentProperties' with value of type String
2024-11-18 11:20:01,175 DEBUG [main] o.s.b.f.s.DefaultListableBeanFactory [DefaultSingletonBeanRegistry.java:225] 
Creating shared instance of singleton bean 'loadProperties'
2024-11-18 11:20:01,337 DEBUG [main] o.s.b.f.s.DefaultListableBeanFactory [DefaultSingletonBeanRegistry.java:225] 
Creating shared instance of singleton bean 'org.springframework.boot.autoconfigure.AutoConfigurationPackages'
2024-11-18 11:20:01,338 DEBUG [main] o.s.b.f.s.DefaultListableBeanFactory [DefaultSingletonBeanRegistry.java:225] 
Creating shared instance of singleton bean 'org.springframework.boot.autoconfigure.context.PropertyPlaceholderAutoConfiguration'
2024-11-18 11:20:01,339 DEBUG [main] o.s.b.f.s.DefaultListableBeanFactory [DefaultSingletonBeanRegistry.java:225] 
Creating shared instance of singleton bean 'org.springframework.boot.autoconfigure.websocket.servlet.WebSocketServletAutoConfiguration'
2024-11-18 11:20:01,340 DEBUG [main] o.s.b.f.s.DefaultListableBeanFactory [DefaultSingletonBeanRegistry.java:225] 
Creating shared instance of singleton bean 'org.springframework.boot.context.properties.EnableConfigurationPropertiesRegistrar.methodValidationExcludeFilter'
2024-11-18 11:20:01,343 DEBUG [main] o.s.b.f.s.DefaultListableBeanFactory [DefaultSingletonBeanRegistry.java:225] 
Creating shared instance of singleton bean 'org.springframework.boot.autoconfigure.web.servlet.DispatcherServletAutoConfiguration'
2024-11-18 11:20:01,347 DEBUG [main] o.s.b.f.s.DefaultListableBeanFactory [DefaultSingletonBeanRegistry.java:225] 
Creating shared instance of singleton bean 'org.springframework.boot.autoconfigure.task.TaskExecutionAutoConfiguration'
2024-11-18 11:20:01,349 DEBUG [main] o.s.b.f.s.DefaultListableBeanFactory [DefaultSingletonBeanRegistry.java:225] 
Creating shared instance of singleton bean 'taskExecutorBuilder'
2024-11-18 11:20:01,354 DEBUG [main] o.s.b.f.s.DefaultListableBeanFactory [DefaultSingletonBeanRegistry.java:225] 
Creating shared instance of singleton bean 'spring.task.execution-org.springframework.boot.autoconfigure.task.TaskExecutionProperties'
2024-11-18 11:20:01,359 DEBUG [main] o.s.b.f.s.DefaultListableBeanFactory [ConstructorResolver.java:808] 
Autowiring by type from bean name 'taskExecutorBuilder' via factory method to bean named 'spring.task.execution-org.springframework.boot.autoconfigure.task.TaskExecutionProperties'
2024-11-18 11:20:01,363 DEBUG [main] o.s.b.f.s.DefaultListableBeanFactory [DefaultSingletonBeanRegistry.java:225] 
Creating shared instance of singleton bean 'org.springframework.boot.autoconfigure.web.servlet.error.ErrorMvcAutoConfiguration$WhitelabelErrorViewConfiguration'
2024-11-18 11:20:01,366 DEBUG [main] o.s.b.f.s.DefaultListableBeanFactory [DefaultSingletonBeanRegistry.java:225] 
Creating shared instance of singleton bean 'error'
2024-11-18 11:20:01,368 DEBUG [main] o.s.b.f.s.DefaultListableBeanFactory [DefaultSingletonBeanRegistry.java:225] 
Creating shared instance of singleton bean 'beanNameViewResolver'
2024-11-18 11:20:01,371 DEBUG [main] o.s.b.f.s.DefaultListableBeanFactory [DefaultSingletonBeanRegistry.java:225] 
Creating shared instance of singleton bean 'org.springframework.boot.autoconfigure.web.servlet.error.ErrorMvcAutoConfiguration$DefaultErrorViewResolverConfiguration'
2024-11-18 11:20:01,375 DEBUG [main] o.s.b.f.s.DefaultListableBeanFactory [DefaultSingletonBeanRegistry.java:225] 
Creating shared instance of singleton bean 'spring.web-org.springframework.boot.autoconfigure.web.WebProperties'
2024-11-18 11:20:01,384 DEBUG [main] o.s.b.f.s.DefaultListableBeanFactory [ConstructorResolver.java:808] 
Autowiring by type from bean name 'org.springframework.boot.autoconfigure.web.servlet.error.ErrorMvcAutoConfiguration$DefaultErrorViewResolverConfiguration' via constructor to bean named 'org.springframework.boot.web.servlet.context.AnnotationConfigServletWebServerApplicationContext@6175619b'
2024-11-18 11:20:01,385 DEBUG [main] o.s.b.f.s.DefaultListableBeanFactory [ConstructorResolver.java:808] 
Autowiring by type from bean name 'org.springframework.boot.autoconfigure.web.servlet.error.ErrorMvcAutoConfiguration$DefaultErrorViewResolverConfiguration' via constructor to bean named 'spring.web-org.springframework.boot.autoconfigure.web.WebProperties'
2024-11-18 11:20:01,386 DEBUG [main] o.s.b.f.s.DefaultListableBeanFactory [DefaultSingletonBeanRegistry.java:225] 
Creating shared instance of singleton bean 'conventionErrorViewResolver'
2024-11-18 11:20:01,404 DEBUG [main] o.s.b.f.s.DefaultListableBeanFactory [DefaultSingletonBeanRegistry.java:225] 
Creating shared instance of singleton bean 'errorAttributes'
2024-11-18 11:20:01,410 DEBUG [main] o.s.b.f.s.DefaultListableBeanFactory [DefaultSingletonBeanRegistry.java:225] 
Creating shared instance of singleton bean 'basicErrorController'
2024-11-18 11:20:01,416 DEBUG [main] o.s.b.f.s.DefaultListableBeanFactory [ConstructorResolver.java:808] 
Autowiring by type from bean name 'basicErrorController' via factory method to bean named 'errorAttributes'
2024-11-18 11:20:01,423 DEBUG [main] o.s.b.f.s.DefaultListableBeanFactory [DefaultSingletonBeanRegistry.java:225] 
Creating shared instance of singleton bean 'org.springframework.boot.autoconfigure.web.servlet.WebMvcAutoConfiguration$EnableWebMvcConfiguration'
2024-11-18 11:20:01,428 DEBUG [main] o.s.b.f.s.DefaultListableBeanFactory [ConstructorResolver.java:808] 
Autowiring by type from bean name 'org.springframework.boot.autoconfigure.web.servlet.WebMvcAutoConfiguration$EnableWebMvcConfiguration' via constructor to bean named 'spring.mvc-org.springframework.boot.autoconfigure.web.servlet.WebMvcProperties'
2024-11-18 11:20:01,430 DEBUG [main] o.s.b.f.s.DefaultListableBeanFactory [ConstructorResolver.java:808] 
Autowiring by type from bean name 'org.springframework.boot.autoconfigure.web.servlet.WebMvcAutoConfiguration$EnableWebMvcConfiguration' via constructor to bean named 'spring.web-org.springframework.boot.autoconfigure.web.WebProperties'
2024-11-18 11:20:01,430 DEBUG [main] o.s.b.f.s.DefaultListableBeanFactory [ConstructorResolver.java:808] 
Autowiring by type from bean name 'org.springframework.boot.autoconfigure.web.servlet.WebMvcAutoConfiguration$EnableWebMvcConfiguration' via constructor to bean named 'org.springframework.beans.factory.support.DefaultListableBeanFactory@24855019'
2024-11-18 11:20:01,452 DEBUG [main] o.s.b.f.s.DefaultListableBeanFactory [DefaultSingletonBeanRegistry.java:225] 
Creating shared instance of singleton bean 'org.springframework.boot.autoconfigure.web.servlet.WebMvcAutoConfiguration$WebMvcAutoConfigurationAdapter'
2024-11-18 11:20:01,456 DEBUG [main] o.s.b.f.s.DefaultListableBeanFactory [ConstructorResolver.java:808] 
Autowiring by type from bean name 'org.springframework.boot.autoconfigure.web.servlet.WebMvcAutoConfiguration$WebMvcAutoConfigurationAdapter' via constructor to bean named 'spring.web-org.springframework.boot.autoconfigure.web.WebProperties'
2024-11-18 11:20:01,457 DEBUG [main] o.s.b.f.s.DefaultListableBeanFactory [ConstructorResolver.java:808] 
Autowiring by type from bean name 'org.springframework.boot.autoconfigure.web.servlet.WebMvcAutoConfiguration$WebMvcAutoConfigurationAdapter' via constructor to bean named 'spring.mvc-org.springframework.boot.autoconfigure.web.servlet.WebMvcProperties'
2024-11-18 11:20:01,458 DEBUG [main] o.s.b.f.s.DefaultListableBeanFactory [ConstructorResolver.java:808] 
Autowiring by type from bean name 'org.springframework.boot.autoconfigure.web.servlet.WebMvcAutoConfiguration$WebMvcAutoConfigurationAdapter' via constructor to bean named 'org.springframework.beans.factory.support.DefaultListableBeanFactory@24855019'
2024-11-18 11:20:01,463 DEBUG [main] o.s.b.f.s.DefaultListableBeanFactory [DefaultSingletonBeanRegistry.java:225] 
Creating shared instance of singleton bean 'requestMappingHandlerAdapter'
2024-11-18 11:20:01,472 DEBUG [main] o.s.b.f.s.DefaultListableBeanFactory [DefaultSingletonBeanRegistry.java:225] 
Creating shared instance of singleton bean 'mvcContentNegotiationManager'
2024-11-18 11:20:01,485 DEBUG [main] o.s.b.f.s.DefaultListableBeanFactory [DefaultSingletonBeanRegistry.java:225] 
Creating shared instance of singleton bean 'mvcConversionService'
2024-11-18 11:20:01,524 DEBUG [main] o.s.b.f.s.DefaultListableBeanFactory [DefaultSingletonBeanRegistry.java:225] 
Creating shared instance of singleton bean 'mvcValidator'
2024-11-18 11:20:01,530 DEBUG [main] o.s.b.f.s.DefaultListableBeanFactory [ConstructorResolver.java:808] 
Autowiring by type from bean name 'requestMappingHandlerAdapter' via factory method to bean named 'mvcContentNegotiationManager'
2024-11-18 11:20:01,531 DEBUG [main] o.s.b.f.s.DefaultListableBeanFactory [ConstructorResolver.java:808] 
Autowiring by type from bean name 'requestMappingHandlerAdapter' via factory method to bean named 'mvcConversionService'
2024-11-18 11:20:01,531 DEBUG [main] o.s.b.f.s.DefaultListableBeanFactory [ConstructorResolver.java:808] 
Autowiring by type from bean name 'requestMappingHandlerAdapter' via factory method to bean named 'mvcValidator'
2024-11-18 11:20:01,540 DEBUG [main] o.s.b.f.s.DefaultListableBeanFactory [ConstructorResolver.java:808] 
Autowiring by type from bean name 'requestMappingHandlerAdapter' via factory method to bean named 'mvcContentNegotiationManager'
2024-11-18 11:20:01,544 DEBUG [main] o.s.b.f.s.DefaultListableBeanFactory [ConstructorResolver.java:808] 
Autowiring by type from bean name 'requestMappingHandlerAdapter' via factory method to bean named 'mvcConversionService'
2024-11-18 11:20:01,547 DEBUG [main] o.s.b.f.s.DefaultListableBeanFactory [ConstructorResolver.java:808] 
Autowiring by type from bean name 'requestMappingHandlerAdapter' via factory method to bean named 'mvcValidator'
2024-11-18 11:20:01,575 DEBUG [main] o.s.b.f.s.DefaultListableBeanFactory [DefaultSingletonBeanRegistry.java:225] 
Creating shared instance of singleton bean 'messageConverters'
2024-11-18 11:20:01,577 DEBUG [main] o.s.b.f.s.DefaultListableBeanFactory [DefaultSingletonBeanRegistry.java:225] 
Creating shared instance of singleton bean 'org.springframework.boot.autoconfigure.http.HttpMessageConvertersAutoConfiguration'
2024-11-18 11:20:01,594 DEBUG [main] o.s.b.f.s.DefaultListableBeanFactory [DefaultSingletonBeanRegistry.java:225] 
Creating shared instance of singleton bean 'stringHttpMessageConverter'
2024-11-18 11:20:01,602 DEBUG [main] o.s.b.f.s.DefaultListableBeanFactory [DefaultSingletonBeanRegistry.java:225] 
Creating shared instance of singleton bean 'org.springframework.boot.autoconfigure.http.HttpMessageConvertersAutoConfiguration$StringHttpMessageConverterConfiguration'
2024-11-18 11:20:01,606 DEBUG [main] o.s.b.f.s.DefaultListableBeanFactory [ConstructorResolver.java:808] 
Autowiring by type from bean name 'stringHttpMessageConverter' via factory method to bean named 'environment'
2024-11-18 11:20:01,613 DEBUG [main] o.s.b.f.s.DefaultListableBeanFactory [DefaultSingletonBeanRegistry.java:225] 
Creating shared instance of singleton bean 'mappingJackson2HttpMessageConverter'
2024-11-18 11:20:01,615 DEBUG [main] o.s.b.f.s.DefaultListableBeanFactory [DefaultSingletonBeanRegistry.java:225] 
Creating shared instance of singleton bean 'org.springframework.boot.autoconfigure.http.JacksonHttpMessageConvertersConfiguration$MappingJackson2HttpMessageConverterConfiguration'
2024-11-18 11:20:01,619 DEBUG [main] o.s.b.f.s.DefaultListableBeanFactory [DefaultSingletonBeanRegistry.java:225] 
Creating shared instance of singleton bean 'jacksonObjectMapper'
2024-11-18 11:20:01,622 DEBUG [main] o.s.b.f.s.DefaultListableBeanFactory [DefaultSingletonBeanRegistry.java:225] 
Creating shared instance of singleton bean 'org.springframework.boot.autoconfigure.jackson.JacksonAutoConfiguration$JacksonObjectMapperConfiguration'
2024-11-18 11:20:01,624 DEBUG [main] o.s.b.f.s.DefaultListableBeanFactory [DefaultSingletonBeanRegistry.java:225] 
Creating shared instance of singleton bean 'org.springframework.boot.autoconfigure.jackson.JacksonAutoConfiguration$JacksonObjectMapperBuilderConfiguration'
2024-11-18 11:20:01,630 DEBUG [main] o.s.b.f.s.DefaultListableBeanFactory [DefaultSingletonBeanRegistry.java:225] 
Creating shared instance of singleton bean 'standardJacksonObjectMapperBuilderCustomizer'
2024-11-18 11:20:01,634 DEBUG [main] o.s.b.f.s.DefaultListableBeanFactory [DefaultSingletonBeanRegistry.java:225] 
Creating shared instance of singleton bean 'org.springframework.boot.autoconfigure.jackson.JacksonAutoConfiguration$Jackson2ObjectMapperBuilderCustomizerConfiguration'
2024-11-18 11:20:01,639 DEBUG [main] o.s.b.f.s.DefaultListableBeanFactory [DefaultSingletonBeanRegistry.java:225] 
Creating shared instance of singleton bean 'spring.jackson-org.springframework.boot.autoconfigure.jackson.JacksonProperties'
2024-11-18 11:20:01,647 DEBUG [main] o.s.b.f.s.DefaultListableBeanFactory [ConstructorResolver.java:808] 
Autowiring by type from bean name 'standardJacksonObjectMapperBuilderCustomizer' via factory method to bean named 'org.springframework.boot.web.servlet.context.AnnotationConfigServletWebServerApplicationContext@6175619b'
2024-11-18 11:20:01,649 DEBUG [main] o.s.b.f.s.DefaultListableBeanFactory [ConstructorResolver.java:808] 
Autowiring by type from bean name 'standardJacksonObjectMapperBuilderCustomizer' via factory method to bean named 'spring.jackson-org.springframework.boot.autoconfigure.jackson.JacksonProperties'
2024-11-18 11:20:01,651 DEBUG [main] o.s.b.f.s.DefaultListableBeanFactory [ConstructorResolver.java:808] 
Autowiring by type from bean name 'jacksonObjectMapperBuilder' via factory method to bean named 'org.springframework.boot.web.servlet.context.AnnotationConfigServletWebServerApplicationContext@6175619b'
2024-11-18 11:20:01,652 DEBUG [main] o.s.b.f.s.DefaultListableBeanFactory [ConstructorResolver.java:808] 
Autowiring by type from bean name 'jacksonObjectMapperBuilder' via factory method to bean named 'standardJacksonObjectMapperBuilderCustomizer'
2024-11-18 11:20:01,655 DEBUG [main] o.s.b.f.s.DefaultListableBeanFactory [DefaultSingletonBeanRegistry.java:225] 
Creating shared instance of singleton bean 'parameterNamesModule'
2024-11-18 11:20:01,655 DEBUG [main] o.s.b.f.s.DefaultListableBeanFactory [DefaultSingletonBeanRegistry.java:225] 
Creating shared instance of singleton bean 'org.springframework.boot.autoconfigure.jackson.JacksonAutoConfiguration$ParameterNamesModuleConfiguration'
2024-11-18 11:20:01,672 DEBUG [main] o.s.b.f.s.DefaultListableBeanFactory [DefaultSingletonBeanRegistry.java:225] 
Creating shared instance of singleton bean 'jsonComponentModule'
2024-11-18 11:20:01,673 DEBUG [main] o.s.b.f.s.DefaultListableBeanFactory [DefaultSingletonBeanRegistry.java:225] 
Creating shared instance of singleton bean 'org.springframework.boot.autoconfigure.jackson.JacksonAutoConfiguration'
2024-11-18 11:20:01,689 DEBUG [main] o.s.b.f.s.DefaultListableBeanFactory [DefaultSingletonBeanRegistry.java:225] 
Creating shared instance of singleton bean 'jsonMixinModule'
2024-11-18 11:20:01,691 DEBUG [main] o.s.b.f.s.DefaultListableBeanFactory [ConstructorResolver.java:808] 
Autowiring by type from bean name 'jsonMixinModule' via factory method to bean named 'org.springframework.boot.web.servlet.context.AnnotationConfigServletWebServerApplicationContext@6175619b'
2024-11-18 11:20:01,692 DEBUG [main] o.s.b.a.AutoConfigurationPackages [AutoConfigurationPackages.java:196] 
@EnableAutoConfiguration was declared on a class in the package 'com.nws.api'. Automatic @Repository and @Entity scanning is enabled.
2024-11-18 11:20:01,708 DEBUG [main] o.s.b.f.s.DefaultListableBeanFactory [ConstructorResolver.java:808] 
Autowiring by type from bean name 'jacksonObjectMapper' via factory method to bean named 'jacksonObjectMapperBuilder'
2024-11-18 11:20:01,733 DEBUG [main] o.s.b.f.s.DefaultListableBeanFactory [ConstructorResolver.java:808] 
Autowiring by type from bean name 'mappingJackson2HttpMessageConverter' via factory method to bean named 'jacksonObjectMapper'
2024-11-18 11:20:01,752 DEBUG [main] o.s.b.f.s.DefaultListableBeanFactory [DefaultSingletonBeanRegistry.java:225] 
Creating shared instance of singleton bean 'applicationTaskExecutor'
2024-11-18 11:20:01,758 DEBUG [main] o.s.b.f.s.DefaultListableBeanFactory [ConstructorResolver.java:808] 
Autowiring by type from bean name 'applicationTaskExecutor' via factory method to bean named 'taskExecutorBuilder'
2024-11-18 11:20:01,769 DEBUG [main] o.s.s.c.ThreadPoolTaskExecutor [ExecutorConfigurationSupport.java:181] 
Initializing ExecutorService 'applicationTaskExecutor'
2024-11-18 11:20:01,798 DEBUG [main] o.s.w.s.m.m.a.RequestMappingHandlerAdapter [RequestMappingHandlerAdapter.java:625] 
ControllerAdvice beans: 0 @ModelAttribute, 0 @InitBinder, 1 RequestBodyAdvice, 1 ResponseBodyAdvice
2024-11-18 11:20:01,847 DEBUG [main] o.s.b.f.s.DefaultListableBeanFactory [DefaultSingletonBeanRegistry.java:225] 
Creating shared instance of singleton bean 'welcomePageHandlerMapping'
2024-11-18 11:20:01,850 DEBUG [main] o.s.b.f.s.DefaultListableBeanFactory [DefaultSingletonBeanRegistry.java:225] 
Creating shared instance of singleton bean 'mvcResourceUrlProvider'
2024-11-18 11:20:01,858 DEBUG [main] o.s.b.f.s.DefaultListableBeanFactory [ConstructorResolver.java:808] 
Autowiring by type from bean name 'welcomePageHandlerMapping' via factory method to bean named 'org.springframework.boot.web.servlet.context.AnnotationConfigServletWebServerApplicationContext@6175619b'
