2024-11-18 11:20:14,112 INFO [http-nio-9990-exec-2] o.a.c.c.C.[.[.[/] [DirectJDKLog.java:173] 
Initializing Spring DispatcherServlet 'dispatcherServlet'
2024-11-18 11:20:14,119 INFO [http-nio-9990-exec-2] o.s.w.s.DispatcherServlet [FrameworkServlet.java:525] 
Initializing Servlet 'dispatcherServlet'
2024-11-18 11:20:14,120 DEBUG [http-nio-9990-exec-2] o.s.w.s.DispatcherServlet [DispatcherServlet.java:521] 
Detected StandardServletMultipartResolver
2024-11-18 11:20:14,120 DEBUG [http-nio-9990-exec-2] o.s.w.s.DispatcherServlet [DispatcherServlet.java:545] 
Detected AcceptHeaderLocaleResolver
2024-11-18 11:20:14,120 DEBUG [http-nio-9990-exec-2] o.s.w.s.DispatcherServlet [DispatcherServlet.java:570] 
Detected FixedThemeResolver
2024-11-18 11:20:14,123 DEBUG [http-nio-9990-exec-2] o.s.w.s.DispatcherServlet [DispatcherServlet.java:720] 
Detected org.springframework.web.servlet.view.DefaultRequestToViewNameTranslator@5ff7a066
2024-11-18 11:20:14,123 DEBUG [http-nio-9990-exec-2] o.s.w.s.DispatcherServlet [DispatcherServlet.java:784] 
Detected org.springframework.web.servlet.support.SessionFlashMapManager@21fc2f2a
2024-11-18 11:20:14,123 DEBUG [http-nio-9990-exec-2] o.s.w.s.DispatcherServlet [FrameworkServlet.java:542] 
enableLoggingRequestDetails='false': request parameters and headers will be masked to prevent unsafe logging of potentially sensitive data
2024-11-18 11:20:14,123 INFO [http-nio-9990-exec-2] o.s.w.s.DispatcherServlet [FrameworkServlet.java:547] 
Completed initialization in 4 ms
2024-11-18 11:20:14,142 DEBUG [http-nio-9990-exec-2] o.s.w.s.DispatcherServlet [LogFormatUtils.java:119] 
POST "/api/v2/gettrafficinformaton", parameters={}
2024-11-18 11:20:14,152 DEBUG [http-nio-9990-exec-2] o.s.w.s.h.SimpleUrlHandlerMapping [AbstractHandlerMapping.java:522] 
Mapped to ResourceHttpRequestHandler [classpath [META-INF/resources/], classpath [resources/], classpath [static/], classpath [public/], ServletContext [/]]
2024-11-18 11:20:14,153 INFO [http-nio-9990-exec-2] c.n.a.i.BaseInterceptor [BaseInterceptor.java:52] 
Inside prehandle
2024-11-18 11:20:14,177 INFO [http-nio-9990-exec-2] c.n.a.i.BaseInterceptor [BaseInterceptor.java:557] 
############Request Processing started for request-id ab and esbURL is /api/v2/gettrafficinformaton
2024-11-18 11:20:14,185 INFO [http-nio-9990-exec-2] c.n.a.f.GetDetails [GetDetails.java:20] 
Inside getEncryption status.. for service code gettrafficinformaton
2024-11-18 11:20:14,905 DEBUG [http-nio-9990-exec-2] c.n.a.f.GetDetails [GetDetails.java:33] 
Encryption status is N
2024-11-18 11:20:14,908 INFO [http-nio-9990-exec-2] c.n.a.i.BaseInterceptor [BaseInterceptor.java:594] 
Inside DDOS filtering
2024-11-18 11:20:14,909 INFO [http-nio-9990-exec-2] c.n.a.f.GetDetails [GetDetails.java:170] 
Inside get error codes.
2024-11-18 11:20:14,991 INFO [http-nio-9990-exec-2] c.n.a.f.AuthenticationFilter [AuthenticationFilter.java:30] 
inside request param validation
2024-11-18 11:20:14,992 INFO [http-nio-9990-exec-2] c.n.a.f.AuthenticationFilter [AuthenticationFilter.java:76] 
In Timestamp validation
2024-11-18 11:20:14,994 INFO [http-nio-9990-exec-2] c.n.a.f.AuthenticationFilter [AuthenticationFilter.java:82] 
The timestamp difference is--
2024-11-18 11:20:14,995 ERROR [http-nio-9990-exec-2] c.n.a.i.BaseInterceptor [BaseInterceptor.java:661] 
Invalid timestamp
2024-11-18 11:20:14,997 INFO [http-nio-9990-exec-2] c.n.a.p.ExceptionProcessor [ExceptionProcessor.java:28] 
Auditing records in AuditDataProcessor.
2024-11-18 11:20:15,087 INFO [pool-2-thread-1] c.n.a.p.ExceptionProcessor [ExceptionProcessor.java:80] 
Auditing in database.
2024-11-18 11:20:15,101 DEBUG [http-nio-9990-exec-2] o.s.w.s.DispatcherServlet [FrameworkServlet.java:1131] 
Completed 200 OK
2024-11-18 11:20:46,723 DEBUG [http-nio-9990-exec-3] o.s.w.s.DispatcherServlet [LogFormatUtils.java:119] 
POST "/api/v2/gettrafficinformaton", parameters={}
2024-11-18 11:20:46,728 DEBUG [http-nio-9990-exec-3] o.s.w.s.h.SimpleUrlHandlerMapping [AbstractHandlerMapping.java:522] 
Mapped to ResourceHttpRequestHandler [classpath [META-INF/resources/], classpath [resources/], classpath [static/], classpath [public/], ServletContext [/]]
2024-11-18 11:20:46,729 INFO [http-nio-9990-exec-3] c.n.a.i.BaseInterceptor [BaseInterceptor.java:52] 
Inside prehandle
2024-11-18 11:20:46,729 INFO [http-nio-9990-exec-3] c.n.a.i.BaseInterceptor [BaseInterceptor.java:557] 
############Request Processing started for request-id ab and esbURL is /api/v2/gettrafficinformaton
2024-11-18 11:20:46,730 INFO [http-nio-9990-exec-3] c.n.a.f.GetDetails [GetDetails.java:20] 
Inside getEncryption status.. for service code gettrafficinformaton
2024-11-18 11:20:46,822 DEBUG [http-nio-9990-exec-3] c.n.a.f.GetDetails [GetDetails.java:33] 
Encryption status is N
2024-11-18 11:20:46,824 INFO [http-nio-9990-exec-3] c.n.a.i.BaseInterceptor [BaseInterceptor.java:594] 
Inside DDOS filtering
2024-11-18 11:20:46,824 INFO [http-nio-9990-exec-3] c.n.a.f.GetDetails [GetDetails.java:170] 
Inside get error codes.
2024-11-18 11:20:46,921 INFO [http-nio-9990-exec-3] c.n.a.f.AuthenticationFilter [AuthenticationFilter.java:30] 
inside request param validation
2024-11-18 11:20:46,922 INFO [http-nio-9990-exec-3] c.n.a.f.AuthenticationFilter [AuthenticationFilter.java:76] 
In Timestamp validation
2024-11-18 11:20:46,923 INFO [http-nio-9990-exec-3] c.n.a.f.AuthenticationFilter [AuthenticationFilter.java:82] 
The timestamp difference is--
2024-11-18 11:20:46,924 INFO [http-nio-9990-exec-3] c.n.a.f.AuthenticationFilter [AuthenticationFilter.java:122] 
Validating auth key for consumerCode ESP with auth key 36997d562e054a318475c4025b913338
2024-11-18 11:20:46,924 INFO [http-nio-9990-exec-3] c.n.a.f.AuthenticationFilter [AuthenticationFilter.java:139] 
Inside getAuthKeyFromDB..
2024-11-18 11:20:47,010 INFO [http-nio-9990-exec-3] c.n.a.f.AuthenticationFilter [AuthenticationFilter.java:124] 
Auth Key from DB for Consumer code ESP is  36997d562e054a318475c4025b913338
2024-11-18 11:20:47,011 INFO [http-nio-9990-exec-3] c.n.a.f.AuthenticationFilter [AuthenticationFilter.java:139] 
Inside getAuthKeyFromDB..
2024-11-18 11:20:47,103 INFO [http-nio-9990-exec-3] c.n.a.f.AuthenticationFilter [AuthenticationFilter.java:175] 
Whitelist Process Starts here....
2024-11-18 11:20:47,103 INFO [http-nio-9990-exec-3] c.n.a.f.AuthenticationFilter [AuthenticationFilter.java:187] 
Inside is whiteListed
2024-11-18 11:20:47,201 ERROR [http-nio-9990-exec-3] c.n.a.f.AuthenticationFilter [AuthenticationFilter.java:192] 
Access Denied.
2024-11-18 11:20:47,202 INFO [http-nio-9990-exec-3] c.n.a.p.ExceptionProcessor [ExceptionProcessor.java:28] 
Auditing records in AuditDataProcessor.
2024-11-18 11:20:47,309 INFO [pool-3-thread-1] c.n.a.p.ExceptionProcessor [ExceptionProcessor.java:80] 
Auditing in database.
2024-11-18 11:20:47,312 DEBUG [http-nio-9990-exec-3] o.s.w.s.DispatcherServlet [FrameworkServlet.java:1131] 
Completed 200 OK
2024-11-18 11:21:46,709 DEBUG [http-nio-9990-exec-4] o.s.w.s.DispatcherServlet [LogFormatUtils.java:119] 
POST "/api/v2/gettrafficinformaton", parameters={}
2024-11-18 11:21:46,710 DEBUG [http-nio-9990-exec-4] o.s.w.s.h.SimpleUrlHandlerMapping [AbstractHandlerMapping.java:522] 
Mapped to ResourceHttpRequestHandler [classpath [META-INF/resources/], classpath [resources/], classpath [static/], classpath [public/], ServletContext [/]]
2024-11-18 11:21:46,711 INFO [http-nio-9990-exec-4] c.n.a.i.BaseInterceptor [BaseInterceptor.java:52] 
Inside prehandle
2024-11-18 11:21:46,711 INFO [http-nio-9990-exec-4] c.n.a.i.BaseInterceptor [BaseInterceptor.java:557] 
############Request Processing started for request-id ab and esbURL is /api/v2/gettrafficinformaton
2024-11-18 11:21:46,712 INFO [http-nio-9990-exec-4] c.n.a.f.GetDetails [GetDetails.java:20] 
Inside getEncryption status.. for service code gettrafficinformaton
2024-11-18 11:21:46,799 DEBUG [http-nio-9990-exec-4] c.n.a.f.GetDetails [GetDetails.java:33] 
Encryption status is N
2024-11-18 11:21:46,801 INFO [http-nio-9990-exec-4] c.n.a.i.BaseInterceptor [BaseInterceptor.java:594] 
Inside DDOS filtering
2024-11-18 11:21:46,801 INFO [http-nio-9990-exec-4] c.n.a.f.GetDetails [GetDetails.java:170] 
Inside get error codes.
2024-11-18 11:21:46,888 INFO [http-nio-9990-exec-4] c.n.a.f.AuthenticationFilter [AuthenticationFilter.java:30] 
inside request param validation
2024-11-18 11:21:46,888 INFO [http-nio-9990-exec-4] c.n.a.f.AuthenticationFilter [AuthenticationFilter.java:76] 
In Timestamp validation
2024-11-18 11:21:46,888 INFO [http-nio-9990-exec-4] c.n.a.f.AuthenticationFilter [AuthenticationFilter.java:82] 
The timestamp difference is--
2024-11-18 11:21:46,888 INFO [http-nio-9990-exec-4] c.n.a.f.AuthenticationFilter [AuthenticationFilter.java:122] 
Validating auth key for consumerCode ESP with auth key 36997d562e054a318475c4025b913338
2024-11-18 11:21:46,888 INFO [http-nio-9990-exec-4] c.n.a.f.AuthenticationFilter [AuthenticationFilter.java:139] 
Inside getAuthKeyFromDB..
2024-11-18 11:21:46,973 INFO [http-nio-9990-exec-4] c.n.a.f.AuthenticationFilter [AuthenticationFilter.java:124] 
Auth Key from DB for Consumer code ESP is  36997d562e054a318475c4025b913338
2024-11-18 11:21:46,974 INFO [http-nio-9990-exec-4] c.n.a.f.AuthenticationFilter [AuthenticationFilter.java:139] 
Inside getAuthKeyFromDB..
2024-11-18 11:21:47,065 INFO [http-nio-9990-exec-4] c.n.a.f.AuthenticationFilter [AuthenticationFilter.java:175] 
Whitelist Process Starts here....
2024-11-18 11:21:47,066 INFO [http-nio-9990-exec-4] c.n.a.f.AuthenticationFilter [AuthenticationFilter.java:187] 
Inside is whiteListed
2024-11-18 11:21:47,167 ERROR [http-nio-9990-exec-4] c.n.a.f.AuthenticationFilter [AuthenticationFilter.java:192] 
Access Denied.
2024-11-18 11:21:47,167 INFO [http-nio-9990-exec-4] c.n.a.p.ExceptionProcessor [ExceptionProcessor.java:28] 
Auditing records in AuditDataProcessor.
2024-11-18 11:21:47,256 INFO [pool-4-thread-1] c.n.a.p.ExceptionProcessor [ExceptionProcessor.java:80] 
Auditing in database.
2024-11-18 11:21:47,258 DEBUG [http-nio-9990-exec-4] o.s.w.s.DispatcherServlet [FrameworkServlet.java:1131] 
Completed 200 OK
