2024-11-18 11:20:00,013 DEBUG [main] o.s.b.f.s.DefaultListableBeanFactory [DefaultSingletonBeanRegistry.java:225] 
Creating shared instance of singleton bean 'org.springframework.boot.context.properties.BoundConfigurationProperties'
2024-11-18 11:20:00,055 DEBUG [main] o.s.b.f.s.DefaultListableBeanFactory [ConstructorResolver.java:808] 
Autowiring by type from bean name 'servletWebServerFactoryCustomizer' via factory method to bean named 'server-org.springframework.boot.autoconfigure.web.ServerProperties'
2024-11-18 11:20:00,066 DEBUG [main] o.s.b.f.s.DefaultListableBeanFactory [DefaultSingletonBeanRegistry.java:225] 
Creating shared instance of singleton bean 'tomcatServletWebServerFactoryCustomizer'
2024-11-18 11:20:00,072 DEBUG [main] o.s.b.f.s.DefaultListableBeanFactory [ConstructorResolver.java:808] 
Autowiring by type from bean name 'tomcatServletWebServerFactoryCustomizer' via factory method to bean named 'server-org.springframework.boot.autoconfigure.web.ServerProperties'
2024-11-18 11:20:00,076 DEBUG [main] o.s.b.f.s.DefaultListableBeanFactory [DefaultSingletonBeanRegistry.java:225] 
Creating shared instance of singleton bean 'tomcatWebServerFactoryCustomizer'
2024-11-18 11:20:00,077 DEBUG [main] o.s.b.f.s.DefaultListableBeanFactory [DefaultSingletonBeanRegistry.java:225] 
Creating shared instance of singleton bean 'org.springframework.boot.autoconfigure.web.embedded.EmbeddedWebServerFactoryCustomizerAutoConfiguration$TomcatWebServerFactoryCustomizerConfiguration'
2024-11-18 11:20:00,079 DEBUG [main] o.s.b.f.s.DefaultListableBeanFactory [ConstructorResolver.java:808] 
Autowiring by type from bean name 'tomcatWebServerFactoryCustomizer' via factory method to bean named 'environment'
2024-11-18 11:20:00,080 DEBUG [main] o.s.b.f.s.DefaultListableBeanFactory [ConstructorResolver.java:808] 
Autowiring by type from bean name 'tomcatWebServerFactoryCustomizer' via factory method to bean named 'server-org.springframework.boot.autoconfigure.web.ServerProperties'
2024-11-18 11:20:00,083 DEBUG [main] o.s.b.f.s.DefaultListableBeanFactory [DefaultSingletonBeanRegistry.java:225] 
Creating shared instance of singleton bean 'localeCharsetMappingsCustomizer'
2024-11-18 11:20:00,085 DEBUG [main] o.s.b.f.s.DefaultListableBeanFactory [DefaultSingletonBeanRegistry.java:225] 
Creating shared instance of singleton bean 'org.springframework.boot.autoconfigure.web.servlet.HttpEncodingAutoConfiguration'
2024-11-18 11:20:00,093 DEBUG [main] o.s.b.f.s.DefaultListableBeanFactory [ConstructorResolver.java:808] 
Autowiring by type from bean name 'org.springframework.boot.autoconfigure.web.servlet.HttpEncodingAutoConfiguration' via constructor to bean named 'server-org.springframework.boot.autoconfigure.web.ServerProperties'
2024-11-18 11:20:00,162 DEBUG [main] o.s.b.f.s.DefaultListableBeanFactory [DefaultSingletonBeanRegistry.java:225] 
Creating shared instance of singleton bean 'errorPageCustomizer'
2024-11-18 11:20:00,163 DEBUG [main] o.s.b.f.s.DefaultListableBeanFactory [DefaultSingletonBeanRegistry.java:225] 
Creating shared instance of singleton bean 'org.springframework.boot.autoconfigure.web.servlet.error.ErrorMvcAutoConfiguration'
2024-11-18 11:20:00,168 DEBUG [main] o.s.b.f.s.DefaultListableBeanFactory [ConstructorResolver.java:808] 
Autowiring by type from bean name 'org.springframework.boot.autoconfigure.web.servlet.error.ErrorMvcAutoConfiguration' via constructor to bean named 'server-org.springframework.boot.autoconfigure.web.ServerProperties'
2024-11-18 11:20:00,176 DEBUG [main] o.s.b.f.s.DefaultListableBeanFactory [DefaultSingletonBeanRegistry.java:225] 
Creating shared instance of singleton bean 'dispatcherServletRegistration'
2024-11-18 11:20:00,178 DEBUG [main] o.s.b.f.s.DefaultListableBeanFactory [DefaultSingletonBeanRegistry.java:225] 
Creating shared instance of singleton bean 'org.springframework.boot.autoconfigure.web.servlet.DispatcherServletAutoConfiguration$DispatcherServletRegistrationConfiguration'
2024-11-18 11:20:00,181 DEBUG [main] o.s.b.f.s.DefaultListableBeanFactory [DefaultSingletonBeanRegistry.java:225] 
Creating shared instance of singleton bean 'dispatcherServlet'
2024-11-18 11:20:00,190 DEBUG [main] o.s.b.f.s.DefaultListableBeanFactory [DefaultSingletonBeanRegistry.java:225] 
Creating shared instance of singleton bean 'org.springframework.boot.autoconfigure.web.servlet.DispatcherServletAutoConfiguration$DispatcherServletConfiguration'
2024-11-18 11:20:00,193 DEBUG [main] o.s.b.f.s.DefaultListableBeanFactory [DefaultSingletonBeanRegistry.java:225] 
Creating shared instance of singleton bean 'spring.mvc-org.springframework.boot.autoconfigure.web.servlet.WebMvcProperties'
2024-11-18 11:20:00,203 DEBUG [main] o.s.b.f.s.DefaultListableBeanFactory [ConstructorResolver.java:808] 
Autowiring by type from bean name 'dispatcherServlet' via factory method to bean named 'spring.mvc-org.springframework.boot.autoconfigure.web.servlet.WebMvcProperties'
2024-11-18 11:20:00,277 DEBUG [main] o.s.b.f.s.DefaultListableBeanFactory [ConstructorResolver.java:808] 
Autowiring by type from bean name 'dispatcherServletRegistration' via factory method to bean named 'dispatcherServlet'
2024-11-18 11:20:00,290 DEBUG [main] o.s.b.f.s.DefaultListableBeanFactory [ConstructorResolver.java:808] 
Autowiring by type from bean name 'dispatcherServletRegistration' via factory method to bean named 'spring.mvc-org.springframework.boot.autoconfigure.web.servlet.WebMvcProperties'
2024-11-18 11:20:00,303 DEBUG [main] o.s.b.f.s.DefaultListableBeanFactory [DefaultSingletonBeanRegistry.java:225] 
Creating shared instance of singleton bean 'multipartConfigElement'
2024-11-18 11:20:00,307 DEBUG [main] o.s.b.f.s.DefaultListableBeanFactory [DefaultSingletonBeanRegistry.java:225] 
Creating shared instance of singleton bean 'org.springframework.boot.autoconfigure.web.servlet.MultipartAutoConfiguration'
2024-11-18 11:20:00,310 DEBUG [main] o.s.b.f.s.DefaultListableBeanFactory [DefaultSingletonBeanRegistry.java:225] 
Creating shared instance of singleton bean 'spring.servlet.multipart-org.springframework.boot.autoconfigure.web.servlet.MultipartProperties'
2024-11-18 11:20:00,341 DEBUG [main] o.s.b.f.s.DefaultListableBeanFactory [ConstructorResolver.java:808] 
Autowiring by type from bean name 'org.springframework.boot.autoconfigure.web.servlet.MultipartAutoConfiguration' via constructor to bean named 'spring.servlet.multipart-org.springframework.boot.autoconfigure.web.servlet.MultipartProperties'
2024-11-18 11:20:00,390 DEBUG [main] o.s.b.f.s.DefaultListableBeanFactory [ConstructorResolver.java:808] 
Autowiring by type from bean name 'errorPageCustomizer' via factory method to bean named 'dispatcherServletRegistration'
2024-11-18 11:20:00,535 DEBUG [main] o.s.b.w.e.t.TomcatServletWebServerFactory [DocumentRoot.java:81] 
Code archive: C:\Users\PAMIDMGMT.OWWSC\.m2\repository\org\springframework\boot\spring-boot\2.7.9\spring-boot-2.7.9.jar
2024-11-18 11:20:00,536 DEBUG [main] o.s.b.w.e.t.TomcatServletWebServerFactory [DocumentRoot.java:125] 
Code archive: C:\Users\PAMIDMGMT.OWWSC\.m2\repository\org\springframework\boot\spring-boot\2.7.9\spring-boot-2.7.9.jar
2024-11-18 11:20:00,537 DEBUG [main] o.s.b.w.e.t.TomcatServletWebServerFactory [DocumentRoot.java:69] 
Document root: D:\allConfigData\NwsMiddleware\src\main\webapp
2024-11-18 11:20:00,581 INFO [main] o.s.b.w.e.t.TomcatWebServer [TomcatWebServer.java:108] 
Tomcat initialized with port(s): 9990 (http)
2024-11-18 11:20:00,612 INFO [main] o.a.c.h.Http11NioProtocol [DirectJDKLog.java:173] 
Initializing ProtocolHandler ["http-nio-9990"]
2024-11-18 11:20:00,617 INFO [main] o.a.c.c.StandardService [DirectJDKLog.java:173] 
Starting service [Tomcat]
2024-11-18 11:20:00,620 INFO [main] o.a.c.c.StandardEngine [DirectJDKLog.java:173] 
Starting Servlet engine: [Apache Tomcat/9.0.71]
2024-11-18 11:20:00,780 INFO [main] o.a.c.c.C.[.[.[/] [DirectJDKLog.java:173] 
Initializing Spring embedded WebApplicationContext
2024-11-18 11:20:00,781 DEBUG [main] o.s.b.w.s.c.ServletWebServerApplicationContext [ServletWebServerApplicationContext.java:286] 
Published root WebApplicationContext as ServletContext attribute with name [org.springframework.web.context.WebApplicationContext.ROOT]
2024-11-18 11:20:00,781 INFO [main] o.s.b.w.s.c.ServletWebServerApplicationContext [ServletWebServerApplicationContext.java:292] 
Root WebApplicationContext: initialization completed in 2148 ms
2024-11-18 11:20:00,785 DEBUG [main] o.s.b.f.s.DefaultListableBeanFactory [DefaultSingletonBeanRegistry.java:225] 
Creating shared instance of singleton bean 'messageDispatcherServlet'
2024-11-18 11:20:00,785 DEBUG [main] o.s.b.f.s.DefaultListableBeanFactory [DefaultSingletonBeanRegistry.java:225] 
Creating shared instance of singleton bean 'org.springframework.boot.autoconfigure.webservices.WebServicesAutoConfiguration'
2024-11-18 11:20:00,787 DEBUG [main] o.s.b.f.s.DefaultListableBeanFactory [DefaultSingletonBeanRegistry.java:225] 
Creating shared instance of singleton bean 'spring.webservices-org.springframework.boot.autoconfigure.webservices.WebServicesProperties'
2024-11-18 11:20:00,789 DEBUG [main] o.s.b.f.s.DefaultListableBeanFactory [ConstructorResolver.java:808] 
Autowiring by type from bean name 'messageDispatcherServlet' via factory method to bean named 'org.springframework.boot.web.servlet.context.AnnotationConfigServletWebServerApplicationContext@6175619b'
2024-11-18 11:20:00,789 DEBUG [main] o.s.b.f.s.DefaultListableBeanFactory [ConstructorResolver.java:808] 
Autowiring by type from bean name 'messageDispatcherServlet' via factory method to bean named 'spring.webservices-org.springframework.boot.autoconfigure.webservices.WebServicesProperties'
2024-11-18 11:20:00,794 DEBUG [main] o.s.b.f.s.DefaultListableBeanFactory [DefaultSingletonBeanRegistry.java:225] 
Creating shared instance of singleton bean 'requestContextFilter'
2024-11-18 11:20:00,796 DEBUG [main] o.s.b.f.s.DefaultListableBeanFactory [DefaultSingletonBeanRegistry.java:225] 
Creating shared instance of singleton bean 'formContentFilter'
2024-11-18 11:20:00,796 DEBUG [main] o.s.b.f.s.DefaultListableBeanFactory [DefaultSingletonBeanRegistry.java:225] 
Creating shared instance of singleton bean 'org.springframework.boot.autoconfigure.web.servlet.WebMvcAutoConfiguration'
2024-11-18 11:20:00,800 DEBUG [main] o.s.b.f.s.DefaultListableBeanFactory [DefaultSingletonBeanRegistry.java:225] 
Creating shared instance of singleton bean 'characterEncodingFilter'
2024-11-18 11:20:00,810 DEBUG [main] o.s.b.w.s.ServletContextInitializerBeans [ServletContextInitializerBeans.java:237] 
Mapping filters: characterEncodingFilter urls=[/*] order=-2147483648, formContentFilter urls=[/*] order=-9900, requestContextFilter urls=[/*] order=-105
2024-11-18 11:20:00,811 DEBUG [main] o.s.b.w.s.ServletContextInitializerBeans [ServletContextInitializerBeans.java:237] 
Mapping servlets: dispatcherServlet urls=[/], messageDispatcherServlet urls=[/services/*]
