2024-11-18 11:55:52,486 DEBUG [main] o.s.b.f.s.DefaultListableBeanFactory [DefaultSingletonBeanRegistry.java:225] 
Creating shared instance of singleton bean 'org.springframework.boot.context.properties.BoundConfigurationProperties'
2024-11-18 11:55:52,577 DEBUG [main] o.s.b.f.s.DefaultListableBeanFactory [ConstructorResolver.java:808] 
Autowiring by type from bean name 'servletWebServerFactoryCustomizer' via factory method to bean named 'server-org.springframework.boot.autoconfigure.web.ServerProperties'
2024-11-18 11:55:52,584 DEBUG [main] o.s.b.f.s.DefaultListableBeanFactory [DefaultSingletonBeanRegistry.java:225] 
Creating shared instance of singleton bean 'tomcatServletWebServerFactoryCustomizer'
2024-11-18 11:55:52,586 DEBUG [main] o.s.b.f.s.DefaultListableBeanFactory [ConstructorResolver.java:808] 
Autowiring by type from bean name 'tomcatServletWebServerFactoryCustomizer' via factory method to bean named 'server-org.springframework.boot.autoconfigure.web.ServerProperties'
2024-11-18 11:55:52,589 DEBUG [main] o.s.b.f.s.DefaultListableBeanFactory [DefaultSingletonBeanRegistry.java:225] 
Creating shared instance of singleton bean 'tomcatWebServerFactoryCustomizer'
2024-11-18 11:55:52,589 DEBUG [main] o.s.b.f.s.DefaultListableBeanFactory [DefaultSingletonBeanRegistry.java:225] 
Creating shared instance of singleton bean 'org.springframework.boot.autoconfigure.web.embedded.EmbeddedWebServerFactoryCustomizerAutoConfiguration$TomcatWebServerFactoryCustomizerConfiguration'
2024-11-18 11:55:52,591 DEBUG [main] o.s.b.f.s.DefaultListableBeanFactory [ConstructorResolver.java:808] 
Autowiring by type from bean name 'tomcatWebServerFactoryCustomizer' via factory method to bean named 'environment'
2024-11-18 11:55:52,592 DEBUG [main] o.s.b.f.s.DefaultListableBeanFactory [ConstructorResolver.java:808] 
Autowiring by type from bean name 'tomcatWebServerFactoryCustomizer' via factory method to bean named 'server-org.springframework.boot.autoconfigure.web.ServerProperties'
2024-11-18 11:55:52,595 DEBUG [main] o.s.b.f.s.DefaultListableBeanFactory [DefaultSingletonBeanRegistry.java:225] 
Creating shared instance of singleton bean 'localeCharsetMappingsCustomizer'
2024-11-18 11:55:52,597 DEBUG [main] o.s.b.f.s.DefaultListableBeanFactory [DefaultSingletonBeanRegistry.java:225] 
Creating shared instance of singleton bean 'org.springframework.boot.autoconfigure.web.servlet.HttpEncodingAutoConfiguration'
2024-11-18 11:55:52,604 DEBUG [main] o.s.b.f.s.DefaultListableBeanFactory [ConstructorResolver.java:808] 
Autowiring by type from bean name 'org.springframework.boot.autoconfigure.web.servlet.HttpEncodingAutoConfiguration' via constructor to bean named 'server-org.springframework.boot.autoconfigure.web.ServerProperties'
2024-11-18 11:55:52,696 DEBUG [main] o.s.b.f.s.DefaultListableBeanFactory [DefaultSingletonBeanRegistry.java:225] 
Creating shared instance of singleton bean 'errorPageCustomizer'
2024-11-18 11:55:52,697 DEBUG [main] o.s.b.f.s.DefaultListableBeanFactory [DefaultSingletonBeanRegistry.java:225] 
Creating shared instance of singleton bean 'org.springframework.boot.autoconfigure.web.servlet.error.ErrorMvcAutoConfiguration'
2024-11-18 11:55:52,698 DEBUG [main] o.s.b.f.s.DefaultListableBeanFactory [ConstructorResolver.java:808] 
Autowiring by type from bean name 'org.springframework.boot.autoconfigure.web.servlet.error.ErrorMvcAutoConfiguration' via constructor to bean named 'server-org.springframework.boot.autoconfigure.web.ServerProperties'
2024-11-18 11:55:52,702 DEBUG [main] o.s.b.f.s.DefaultListableBeanFactory [DefaultSingletonBeanRegistry.java:225] 
Creating shared instance of singleton bean 'dispatcherServletRegistration'
2024-11-18 11:55:52,702 DEBUG [main] o.s.b.f.s.DefaultListableBeanFactory [DefaultSingletonBeanRegistry.java:225] 
Creating shared instance of singleton bean 'org.springframework.boot.autoconfigure.web.servlet.DispatcherServletAutoConfiguration$DispatcherServletRegistrationConfiguration'
2024-11-18 11:55:52,707 DEBUG [main] o.s.b.f.s.DefaultListableBeanFactory [DefaultSingletonBeanRegistry.java:225] 
Creating shared instance of singleton bean 'dispatcherServlet'
2024-11-18 11:55:52,710 DEBUG [main] o.s.b.f.s.DefaultListableBeanFactory [DefaultSingletonBeanRegistry.java:225] 
Creating shared instance of singleton bean 'org.springframework.boot.autoconfigure.web.servlet.DispatcherServletAutoConfiguration$DispatcherServletConfiguration'
2024-11-18 11:55:52,713 DEBUG [main] o.s.b.f.s.DefaultListableBeanFactory [DefaultSingletonBeanRegistry.java:225] 
Creating shared instance of singleton bean 'spring.mvc-org.springframework.boot.autoconfigure.web.servlet.WebMvcProperties'
2024-11-18 11:55:52,721 DEBUG [main] o.s.b.f.s.DefaultListableBeanFactory [ConstructorResolver.java:808] 
Autowiring by type from bean name 'dispatcherServlet' via factory method to bean named 'spring.mvc-org.springframework.boot.autoconfigure.web.servlet.WebMvcProperties'
2024-11-18 11:55:52,761 DEBUG [main] o.s.b.f.s.DefaultListableBeanFactory [ConstructorResolver.java:808] 
Autowiring by type from bean name 'dispatcherServletRegistration' via factory method to bean named 'dispatcherServlet'
2024-11-18 11:55:52,763 DEBUG [main] o.s.b.f.s.DefaultListableBeanFactory [ConstructorResolver.java:808] 
Autowiring by type from bean name 'dispatcherServletRegistration' via factory method to bean named 'spring.mvc-org.springframework.boot.autoconfigure.web.servlet.WebMvcProperties'
2024-11-18 11:55:52,772 DEBUG [main] o.s.b.f.s.DefaultListableBeanFactory [DefaultSingletonBeanRegistry.java:225] 
Creating shared instance of singleton bean 'multipartConfigElement'
2024-11-18 11:55:52,774 DEBUG [main] o.s.b.f.s.DefaultListableBeanFactory [DefaultSingletonBeanRegistry.java:225] 
Creating shared instance of singleton bean 'org.springframework.boot.autoconfigure.web.servlet.MultipartAutoConfiguration'
2024-11-18 11:55:52,776 DEBUG [main] o.s.b.f.s.DefaultListableBeanFactory [DefaultSingletonBeanRegistry.java:225] 
Creating shared instance of singleton bean 'spring.servlet.multipart-org.springframework.boot.autoconfigure.web.servlet.MultipartProperties'
2024-11-18 11:55:52,784 DEBUG [main] o.s.b.f.s.DefaultListableBeanFactory [ConstructorResolver.java:808] 
Autowiring by type from bean name 'org.springframework.boot.autoconfigure.web.servlet.MultipartAutoConfiguration' via constructor to bean named 'spring.servlet.multipart-org.springframework.boot.autoconfigure.web.servlet.MultipartProperties'
2024-11-18 11:55:52,799 DEBUG [main] o.s.b.f.s.DefaultListableBeanFactory [ConstructorResolver.java:808] 
Autowiring by type from bean name 'errorPageCustomizer' via factory method to bean named 'dispatcherServletRegistration'
2024-11-18 11:55:52,976 DEBUG [main] o.s.b.w.e.t.TomcatServletWebServerFactory [DocumentRoot.java:81] 
Code archive: C:\Users\PAMIDMGMT.OWWSC\.m2\repository\org\springframework\boot\spring-boot\2.7.9\spring-boot-2.7.9.jar
2024-11-18 11:55:52,977 DEBUG [main] o.s.b.w.e.t.TomcatServletWebServerFactory [DocumentRoot.java:125] 
Code archive: C:\Users\PAMIDMGMT.OWWSC\.m2\repository\org\springframework\boot\spring-boot\2.7.9\spring-boot-2.7.9.jar
2024-11-18 11:55:52,978 DEBUG [main] o.s.b.w.e.t.TomcatServletWebServerFactory [DocumentRoot.java:69] 
Document root: D:\allConfigData\NwsMiddleware\src\main\webapp
2024-11-18 11:55:53,023 INFO [main] o.s.b.w.e.t.TomcatWebServer [TomcatWebServer.java:108] 
Tomcat initialized with port(s): 9990 (http)
2024-11-18 11:55:53,039 INFO [main] o.a.c.h.Http11NioProtocol [DirectJDKLog.java:173] 
Initializing ProtocolHandler ["http-nio-9990"]
2024-11-18 11:55:53,040 INFO [main] o.a.c.c.StandardService [DirectJDKLog.java:173] 
Starting service [Tomcat]
2024-11-18 11:55:53,040 INFO [main] o.a.c.c.StandardEngine [DirectJDKLog.java:173] 
Starting Servlet engine: [Apache Tomcat/9.0.71]
2024-11-18 11:55:53,201 INFO [main] o.a.c.c.C.[.[.[/] [DirectJDKLog.java:173] 
Initializing Spring embedded WebApplicationContext
2024-11-18 11:55:53,202 DEBUG [main] o.s.b.w.s.c.ServletWebServerApplicationContext [ServletWebServerApplicationContext.java:286] 
Published root WebApplicationContext as ServletContext attribute with name [org.springframework.web.context.WebApplicationContext.ROOT]
2024-11-18 11:55:53,203 INFO [main] o.s.b.w.s.c.ServletWebServerApplicationContext [ServletWebServerApplicationContext.java:292] 
Root WebApplicationContext: initialization completed in 2146 ms
2024-11-18 11:55:53,207 DEBUG [main] o.s.b.f.s.DefaultListableBeanFactory [DefaultSingletonBeanRegistry.java:225] 
Creating shared instance of singleton bean 'messageDispatcherServlet'
2024-11-18 11:55:53,210 DEBUG [main] o.s.b.f.s.DefaultListableBeanFactory [DefaultSingletonBeanRegistry.java:225] 
Creating shared instance of singleton bean 'org.springframework.boot.autoconfigure.webservices.WebServicesAutoConfiguration'
2024-11-18 11:55:53,214 DEBUG [main] o.s.b.f.s.DefaultListableBeanFactory [DefaultSingletonBeanRegistry.java:225] 
Creating shared instance of singleton bean 'spring.webservices-org.springframework.boot.autoconfigure.webservices.WebServicesProperties'
2024-11-18 11:55:53,218 DEBUG [main] o.s.b.f.s.DefaultListableBeanFactory [ConstructorResolver.java:808] 
Autowiring by type from bean name 'messageDispatcherServlet' via factory method to bean named 'org.springframework.boot.web.servlet.context.AnnotationConfigServletWebServerApplicationContext@2f058b8a'
2024-11-18 11:55:53,218 DEBUG [main] o.s.b.f.s.DefaultListableBeanFactory [ConstructorResolver.java:808] 
Autowiring by type from bean name 'messageDispatcherServlet' via factory method to bean named 'spring.webservices-org.springframework.boot.autoconfigure.webservices.WebServicesProperties'
2024-11-18 11:55:53,225 DEBUG [main] o.s.b.f.s.DefaultListableBeanFactory [DefaultSingletonBeanRegistry.java:225] 
Creating shared instance of singleton bean 'requestContextFilter'
2024-11-18 11:55:53,228 DEBUG [main] o.s.b.f.s.DefaultListableBeanFactory [DefaultSingletonBeanRegistry.java:225] 
Creating shared instance of singleton bean 'formContentFilter'
2024-11-18 11:55:53,231 DEBUG [main] o.s.b.f.s.DefaultListableBeanFactory [DefaultSingletonBeanRegistry.java:225] 
Creating shared instance of singleton bean 'org.springframework.boot.autoconfigure.web.servlet.WebMvcAutoConfiguration'
2024-11-18 11:55:53,238 DEBUG [main] o.s.b.f.s.DefaultListableBeanFactory [DefaultSingletonBeanRegistry.java:225] 
Creating shared instance of singleton bean 'characterEncodingFilter'
2024-11-18 11:55:53,247 DEBUG [main] o.s.b.w.s.ServletContextInitializerBeans [ServletContextInitializerBeans.java:237] 
Mapping filters: characterEncodingFilter urls=[/*] order=-2147483648, formContentFilter urls=[/*] order=-9900, requestContextFilter urls=[/*] order=-105
2024-11-18 11:55:53,249 DEBUG [main] o.s.b.w.s.ServletContextInitializerBeans [ServletContextInitializerBeans.java:237] 
Mapping servlets: dispatcherServlet urls=[/], messageDispatcherServlet urls=[/services/*]
